#
# There is insufficient memory for the Java Runtime Environment to continue.
# Native memory allocation (mmap) failed to map 271581184 bytes for G1 virtual space
# Possible reasons:
#   The system is out of physical RAM or swap space
#   The process is running with CompressedOops enabled, and the Java Heap may be blocking the growth of the native heap
# Possible solutions:
#   Reduce memory load on the system
#   Increase physical memory or swap space
#   Check if swap backing store is full
#   Decrease Java heap size (-Xmx/-Xms)
#   Decrease number of Java threads
#   Decrease Java thread stack sizes (-Xss)
#   Set larger code cache with -XX:ReservedCodeCacheSize=
#   JVM is running with Unscaled Compressed Oops mode in which the Java heap is
#     placed in the first 4GB address space. The Java Heap base address is the
#     maximum limit for the native heap growth. Please use -XX:HeapBaseMinAddress
#     to set the Java Heap base and to place the Java Heap above 4GB virtual address.
# This output file may be truncated or incomplete.
#
#  Out of Memory Error (os_windows.cpp:3769), pid=1296, tid=25644
#
# JRE version: OpenJDK Runtime Environment (17.0.6) (build 17.0.6+0-b2043.56-10027231)
# Java VM: OpenJDK 64-Bit Server VM (17.0.6+0-b2043.56-10027231, mixed mode, tiered, compressed oops, compressed class ptrs, g1 gc, windows-amd64)
# No core dump will be written. Minidumps are not enabled by default on client versions of Windows
#

---------------  S U M M A R Y ------------

Command Line: --add-opens=java.base/java.util=ALL-UNNAMED --add-opens=java.base/java.lang=ALL-UNNAMED --add-opens=java.base/java.lang.invoke=ALL-UNNAMED --add-opens=java.prefs/java.util.prefs=ALL-UNNAMED --add-opens=java.base/java.nio.charset=ALL-UNNAMED --add-opens=java.base/java.net=ALL-UNNAMED --add-opens=java.base/java.util.concurrent.atomic=ALL-UNNAMED -Xmx2048m -Dfile.encoding=UTF-8 -Duser.country=BR -Duser.language=pt -Duser.variant org.gradle.launcher.daemon.bootstrap.GradleDaemon 8.0

Host: Intel(R) Core(TM) i7-8550U CPU @ 1.80GHz, 8 cores, 7G,  Windows 10 , 64 bit Build 19041 (10.0.19041.3393)
Time: Fri Oct  6 18:43:37 2023 Hora oficial do Brasil elapsed time: 40.851628 seconds (0d 0h 0m 40s)

---------------  T H R E A D  ---------------

Current thread (0x000002d6dc81f450):  VMThread "VM Thread" [stack: 0x000000fe16100000,0x000000fe16200000] [id=25644]

Stack: [0x000000fe16100000,0x000000fe16200000]
Native frames: (J=compiled Java code, j=interpreted, Vv=VM code, C=native code)
V  [jvm.dll+0x683c9a]
V  [jvm.dll+0x8427a4]
V  [jvm.dll+0x843f9e]
V  [jvm.dll+0x844603]
V  [jvm.dll+0x249b75]
V  [jvm.dll+0x680b69]
V  [jvm.dll+0x67505a]
V  [jvm.dll+0x309acb]
V  [jvm.dll+0x310f86]
V  [jvm.dll+0x3608ee]
V  [jvm.dll+0x360b1f]
V  [jvm.dll+0x2dfbf8]
V  [jvm.dll+0x2ddec4]
V  [jvm.dll+0x2dd4cc]
V  [jvm.dll+0x321f3b]
V  [jvm.dll+0x848ccb]
V  [jvm.dll+0x849a04]
V  [jvm.dll+0x849f1d]
V  [jvm.dll+0x84a2f4]
V  [jvm.dll+0x84a3c0]
V  [jvm.dll+0x7f274a]
V  [jvm.dll+0x682ad5]
C  [ucrtbase.dll+0x21bb2]
C  [KERNEL32.DLL+0x17344]
C  [ntdll.dll+0x526b1]

VM_Operation (0x000000fe1edf54e0): G1CollectForAllocation, mode: safepoint, requested by thread 0x000002d6e4f27680


---------------  P R O C E S S  ---------------

Threads class SMR info:
_java_thread_list=0x000002d6e1a5c5a0, length=137, elements={
0x000002d6bfe7bfb0, 0x000002d6dbd96ff0, 0x000002d6dbd97eb0, 0x000002d6dbd914c0,
0x000002d6dc850530, 0x000002d6dc850df0, 0x000002d6dc8516b0, 0x000002d6dc852350,
0x000002d6dc856200, 0x000002d6dc859320, 0x000002d6dc9d5e50, 0x000002d6dc9f8e00,
0x000002d6decea4f0, 0x000002d6ddfa5840, 0x000002d6dcd66e70, 0x000002d6defa2c50,
0x000002d6df7b8c60, 0x000002d6ddc21ff0, 0x000002d6ddc22cd0, 0x000002d6ddba68e0,
0x000002d6ddba6db0, 0x000002d6ddba55a0, 0x000002d6ddba5a70, 0x000002d6ddba5f40,
0x000002d6ddba6410, 0x000002d6e1b74cf0, 0x000002d6e1b769d0, 0x000002d6e1b77370,
0x000002d6e1b76ea0, 0x000002d6e1b77840, 0x000002d6e1b76030, 0x000002d6e1b751c0,
0x000002d6e1b77d10, 0x000002d6e1b76500, 0x000002d6e1b781e0, 0x000002d6e101a090,
0x000002d6e101bd70, 0x000002d6e101da50, 0x000002d6e101c240, 0x000002d6e1017540,
0x000002d6e10183b0, 0x000002d6e1019bc0, 0x000002d6e10196f0, 0x000002d6e1017ee0,
0x000002d6e101e3f0, 0x000002d6e101a560, 0x000002d6e101c710, 0x000002d6e1018d50,
0x000002d6e1019220, 0x000002d6e101aa30, 0x000002d6e101cbe0, 0x000002d6e101af00,
0x000002d6e101d0b0, 0x000002d6e101b3d0, 0x000002d6e101df20, 0x000002d6e101e8c0,
0x000002d6e1017a10, 0x000002d6e1018880, 0x000002d6e24fa270, 0x000002d6e24f8590,
0x000002d6e24f8f30, 0x000002d6e24fb5b0, 0x000002d6e24fa740, 0x000002d6e24fac10,
0x000002d6e24f9400, 0x000002d6e24fb0e0, 0x000002d6e24f7bf0, 0x000002d6e24f80c0,
0x000002d6e24f98d0, 0x000002d6e24f8a60, 0x000002d6e24f9da0, 0x000002d6e1bf71c0,
0x000002d6e1bf3cd0, 0x000002d6e1bf6350, 0x000002d6e1bf5010, 0x000002d6e1bf54e0,
0x000002d6e1bf4670, 0x000002d6e1bf59b0, 0x000002d6e1bf5e80, 0x000002d6e1bf1ff0,
0x000002d6e1bf6820, 0x000002d6e1bf6cf0, 0x000002d6e1bf3330, 0x000002d6e1bf7690,
0x000002d6e1bf2e60, 0x000002d6e1bf8030, 0x000002d6e1bf3800, 0x000002d6e1bf7b60,
0x000002d6e1bf41a0, 0x000002d6e1bf8500, 0x000002d6e1bf1650, 0x000002d6e1bf0cb0,
0x000002d6e1bf1180, 0x000002d6e1bf4b40, 0x000002d6e1bf1b20, 0x000002d6e1bf24c0,
0x000002d6e1bf2990, 0x000002d6e2217290, 0x000002d6e2210d80, 0x000002d6e22150e0,
0x000002d6e22168f0, 0x000002d6e220fa40, 0x000002d6e22120c0, 0x000002d6e22103e0,
0x000002d6e2214270, 0x000002d6e2213400, 0x000002d6e22108b0, 0x000002d6e2216420,
0x000002d6e2212590, 0x000002d6e2212a60, 0x000002d6e22155b0, 0x000002d6e2214740,
0x000002d6e2214c10, 0x000002d6e2215f50, 0x000002d6e2215a80, 0x000002d6e2216dc0,
0x000002d6e22138d0, 0x000002d6e2213da0, 0x000002d6e2212f30, 0x000002d6e220ff10,
0x000002d6e2211250, 0x000002d6e2211720, 0x000002d6e2211bf0, 0x000002d6e4f21fe0,
0x000002d6e4f28020, 0x000002d6e4f259a0, 0x000002d6e4f254d0, 0x000002d6e4f23320,
0x000002d6e4f289c0, 0x000002d6e4f27680, 0x000002d6e4f21170, 0x000002d6e4f27b50,
0x000002d6e4f24b30, 0x000002d6e4f21640, 0x000002d6e4f25000, 0x000002d6e4f25e70,
0x000002d6e4f22980
}

Java Threads: ( => current thread )
  0x000002d6bfe7bfb0 JavaThread "main" [_thread_blocked, id=19052, stack(0x000000fe15b00000,0x000000fe15c00000)]
  0x000002d6dbd96ff0 JavaThread "Reference Handler" daemon [_thread_blocked, id=23164, stack(0x000000fe16200000,0x000000fe16300000)]
  0x000002d6dbd97eb0 JavaThread "Finalizer" daemon [_thread_blocked, id=22188, stack(0x000000fe16300000,0x000000fe16400000)]
  0x000002d6dbd914c0 JavaThread "Signal Dispatcher" daemon [_thread_blocked, id=15988, stack(0x000000fe16400000,0x000000fe16500000)]
  0x000002d6dc850530 JavaThread "Attach Listener" daemon [_thread_blocked, id=31020, stack(0x000000fe16500000,0x000000fe16600000)]
  0x000002d6dc850df0 JavaThread "Service Thread" daemon [_thread_blocked, id=26956, stack(0x000000fe16600000,0x000000fe16700000)]
  0x000002d6dc8516b0 JavaThread "Monitor Deflation Thread" daemon [_thread_blocked, id=27140, stack(0x000000fe16700000,0x000000fe16800000)]
  0x000002d6dc852350 JavaThread "C2 CompilerThread0" daemon [_thread_blocked, id=14176, stack(0x000000fe16800000,0x000000fe16900000)]
  0x000002d6dc856200 JavaThread "C1 CompilerThread0" daemon [_thread_blocked, id=17500, stack(0x000000fe16900000,0x000000fe16a00000)]
  0x000002d6dc859320 JavaThread "Sweeper thread" daemon [_thread_blocked, id=8676, stack(0x000000fe16a00000,0x000000fe16b00000)]
  0x000002d6dc9d5e50 JavaThread "Common-Cleaner" daemon [_thread_blocked, id=18348, stack(0x000000fe16b00000,0x000000fe16c00000)]
  0x000002d6dc9f8e00 JavaThread "Notification Thread" daemon [_thread_blocked, id=24628, stack(0x000000fe16c00000,0x000000fe16d00000)]
  0x000002d6decea4f0 JavaThread "Daemon health stats" [_thread_blocked, id=22920, stack(0x000000fe17100000,0x000000fe17200000)]
  0x000002d6ddfa5840 JavaThread "Incoming local TCP Connector on port 59094" [_thread_in_native, id=16824, stack(0x000000fe17300000,0x000000fe17400000)]
  0x000002d6dcd66e70 JavaThread "Daemon periodic checks" [_thread_blocked, id=28956, stack(0x000000fe17400000,0x000000fe17500000)]
  0x000002d6defa2c50 JavaThread "Daemon" [_thread_blocked, id=9136, stack(0x000000fe17500000,0x000000fe17600000)]
  0x000002d6df7b8c60 JavaThread "Handler for socket connection from /127.0.0.1:59094 to /127.0.0.1:59095" [_thread_in_native, id=18540, stack(0x000000fe17600000,0x000000fe17700000)]
  0x000002d6ddc21ff0 JavaThread "Cancel handler" [_thread_blocked, id=8124, stack(0x000000fe17700000,0x000000fe17800000)]
  0x000002d6ddc22cd0 JavaThread "Daemon worker" [_thread_blocked, id=20424, stack(0x000000fe17800000,0x000000fe17900000)]
  0x000002d6ddba68e0 JavaThread "Asynchronous log dispatcher for DefaultDaemonConnection: socket connection from /127.0.0.1:59094 to /127.0.0.1:59095" [_thread_blocked, id=29744, stack(0x000000fe17900000,0x000000fe17a00000)]
  0x000002d6ddba6db0 JavaThread "Stdin handler" [_thread_blocked, id=6240, stack(0x000000fe17a00000,0x000000fe17b00000)]
  0x000002d6ddba55a0 JavaThread "Daemon client event forwarder" [_thread_blocked, id=10260, stack(0x000000fe17b00000,0x000000fe17c00000)]
  0x000002d6ddba5a70 JavaThread "Cache worker for journal cache (C:\Users\Gabriel Xavier\.gradle\caches\journal-1)" [_thread_blocked, id=8356, stack(0x000000fe18000000,0x000000fe18100000)]
  0x000002d6ddba5f40 JavaThread "File lock request listener" [_thread_in_native, id=3764, stack(0x000000fe18100000,0x000000fe18200000)]
  0x000002d6ddba6410 JavaThread "Cache worker for file hash cache (C:\Users\Gabriel Xavier\.gradle\caches\8.0\fileHashes)" [_thread_blocked, id=19336, stack(0x000000fe18200000,0x000000fe18300000)]
  0x000002d6e1b74cf0 JavaThread "File watcher server" daemon [_thread_blocked, id=30304, stack(0x000000fe18400000,0x000000fe18500000)]
  0x000002d6e1b769d0 JavaThread "File watcher consumer" daemon [_thread_blocked, id=30784, stack(0x000000fe18500000,0x000000fe18600000)]
  0x000002d6e1b77370 JavaThread "Cache worker for checksums cache (E:\IFPB\CST\AndroidStudio\gerarsenha\.gradle\8.0\checksums)" [_thread_blocked, id=3580, stack(0x000000fe18300000,0x000000fe18400000)]
  0x000002d6e1b76ea0 JavaThread "Cache worker for cache directory md-rule (C:\Users\Gabriel Xavier\.gradle\caches\8.0\md-rule)" [_thread_blocked, id=25568, stack(0x000000fe18600000,0x000000fe18700000)]
  0x000002d6e1b77840 JavaThread "Cache worker for file content cache (C:\Users\Gabriel Xavier\.gradle\caches\8.0\fileContent)" [_thread_blocked, id=28856, stack(0x000000fe18700000,0x000000fe18800000)]
  0x000002d6e1b76030 JavaThread "Cache worker for file hash cache (E:\IFPB\CST\AndroidStudio\gerarsenha\.gradle\8.0\fileHashes)" [_thread_blocked, id=22220, stack(0x000000fe18900000,0x000000fe18a00000)]
  0x000002d6e1b751c0 JavaThread "Cache worker for cache directory md-supplier (C:\Users\Gabriel Xavier\.gradle\caches\8.0\md-supplier)" [_thread_blocked, id=3000, stack(0x000000fe18a00000,0x000000fe18b00000)]
  0x000002d6e1b77d10 JavaThread "Cache worker for execution history cache (C:\Users\Gabriel Xavier\.gradle\caches\8.0\executionHistory)" [_thread_blocked, id=26344, stack(0x000000fe18b00000,0x000000fe18c00000)]
  0x000002d6e1b76500 JavaThread "jar transforms" [_thread_blocked, id=24888, stack(0x000000fe18c00000,0x000000fe18d00000)]
  0x000002d6e1b781e0 JavaThread "jar transforms Thread 2" [_thread_blocked, id=13504, stack(0x000000fe18d00000,0x000000fe18e00000)]
  0x000002d6e101a090 JavaThread "Cache worker for kotlin-dsl (C:\Users\Gabriel Xavier\.gradle\caches\8.0\kotlin-dsl)" [_thread_blocked, id=7108, stack(0x000000fe19000000,0x000000fe19100000)]
  0x000002d6e101bd70 JavaThread "jar transforms Thread 3" [_thread_blocked, id=5872, stack(0x000000fe19100000,0x000000fe19200000)]
  0x000002d6e101da50 JavaThread "jar transforms Thread 4" [_thread_blocked, id=8204, stack(0x000000fe19200000,0x000000fe19300000)]
  0x000002d6e101c240 JavaThread "Cache worker for dependencies-accessors (E:\IFPB\CST\AndroidStudio\gerarsenha\.gradle\8.0\dependencies-accessors)" [_thread_blocked, id=31484, stack(0x000000fe19300000,0x000000fe19400000)]
  0x000002d6e1017540 JavaThread "Cache worker for Build Output Cleanup Cache (E:\IFPB\CST\AndroidStudio\gerarsenha\.gradle\buildOutputCleanup)" [_thread_blocked, id=20116, stack(0x000000fe19400000,0x000000fe19500000)]
  0x000002d6e10183b0 JavaThread "jar transforms Thread 5" [_thread_blocked, id=6176, stack(0x000000fe19500000,0x000000fe19600000)]
  0x000002d6e1019bc0 JavaThread "Unconstrained build operations" [_thread_blocked, id=5124, stack(0x000000fe18e00000,0x000000fe18f00000)]
  0x000002d6e10196f0 JavaThread "Unconstrained build operations Thread 2" [_thread_blocked, id=10808, stack(0x000000fe19600000,0x000000fe19700000)]
  0x000002d6e1017ee0 JavaThread "Unconstrained build operations Thread 3" [_thread_blocked, id=11328, stack(0x000000fe19700000,0x000000fe19800000)]
  0x000002d6e101e3f0 JavaThread "Unconstrained build operations Thread 4" [_thread_blocked, id=26632, stack(0x000000fe19800000,0x000000fe19900000)]
  0x000002d6e101a560 JavaThread "Unconstrained build operations Thread 5" [_thread_blocked, id=18496, stack(0x000000fe19900000,0x000000fe19a00000)]
  0x000002d6e101c710 JavaThread "Unconstrained build operations Thread 6" [_thread_blocked, id=14632, stack(0x000000fe19a00000,0x000000fe19b00000)]
  0x000002d6e1018d50 JavaThread "Unconstrained build operations Thread 7" [_thread_blocked, id=25640, stack(0x000000fe19b00000,0x000000fe19c00000)]
  0x000002d6e1019220 JavaThread "Unconstrained build operations Thread 8" [_thread_blocked, id=10744, stack(0x000000fe19c00000,0x000000fe19d00000)]
  0x000002d6e101aa30 JavaThread "Unconstrained build operations Thread 9" [_thread_blocked, id=28072, stack(0x000000fe19d00000,0x000000fe19e00000)]
  0x000002d6e101cbe0 JavaThread "Unconstrained build operations Thread 10" [_thread_blocked, id=29272, stack(0x000000fe19e00000,0x000000fe19f00000)]
  0x000002d6e101af00 JavaThread "Unconstrained build operations Thread 11" [_thread_blocked, id=14224, stack(0x000000fe19f00000,0x000000fe1a000000)]
  0x000002d6e101d0b0 JavaThread "Unconstrained build operations Thread 12" [_thread_blocked, id=6968, stack(0x000000fe1a000000,0x000000fe1a100000)]
  0x000002d6e101b3d0 JavaThread "Unconstrained build operations Thread 13" [_thread_blocked, id=12948, stack(0x000000fe1a100000,0x000000fe1a200000)]
  0x000002d6e101df20 JavaThread "Unconstrained build operations Thread 14" [_thread_blocked, id=22960, stack(0x000000fe1a200000,0x000000fe1a300000)]
  0x000002d6e101e8c0 JavaThread "Unconstrained build operations Thread 15" [_thread_blocked, id=10032, stack(0x000000fe1a300000,0x000000fe1a400000)]
  0x000002d6e1017a10 JavaThread "Unconstrained build operations Thread 16" [_thread_blocked, id=20056, stack(0x000000fe1a400000,0x000000fe1a500000)]
  0x000002d6e1018880 JavaThread "Unconstrained build operations Thread 17" [_thread_blocked, id=20124, stack(0x000000fe1a500000,0x000000fe1a600000)]
  0x000002d6e24fa270 JavaThread "Unconstrained build operations Thread 18" [_thread_blocked, id=20964, stack(0x000000fe1a600000,0x000000fe1a700000)]
  0x000002d6e24f8590 JavaThread "Unconstrained build operations Thread 19" [_thread_blocked, id=23500, stack(0x000000fe1a700000,0x000000fe1a800000)]
  0x000002d6e24f8f30 JavaThread "Unconstrained build operations Thread 20" [_thread_blocked, id=4400, stack(0x000000fe1a800000,0x000000fe1a900000)]
  0x000002d6e24fb5b0 JavaThread "Unconstrained build operations Thread 21" [_thread_blocked, id=22200, stack(0x000000fe1a900000,0x000000fe1aa00000)]
  0x000002d6e24fa740 JavaThread "Unconstrained build operations Thread 22" [_thread_blocked, id=26288, stack(0x000000fe1aa00000,0x000000fe1ab00000)]
  0x000002d6e24fac10 JavaThread "Unconstrained build operations Thread 23" [_thread_blocked, id=24064, stack(0x000000fe1ab00000,0x000000fe1ac00000)]
  0x000002d6e24f9400 JavaThread "Unconstrained build operations Thread 24" [_thread_blocked, id=1444, stack(0x000000fe1ac00000,0x000000fe1ad00000)]
  0x000002d6e24fb0e0 JavaThread "Unconstrained build operations Thread 25" [_thread_blocked, id=19744, stack(0x000000fe1ad00000,0x000000fe1ae00000)]
  0x000002d6e24f7bf0 JavaThread "Unconstrained build operations Thread 26" [_thread_blocked, id=17440, stack(0x000000fe1ae00000,0x000000fe1af00000)]
  0x000002d6e24f80c0 JavaThread "Unconstrained build operations Thread 27" [_thread_blocked, id=19852, stack(0x000000fe1af00000,0x000000fe1b000000)]
  0x000002d6e24f98d0 JavaThread "Unconstrained build operations Thread 28" [_thread_blocked, id=15712, stack(0x000000fe1b000000,0x000000fe1b100000)]
  0x000002d6e24f8a60 JavaThread "Unconstrained build operations Thread 29" [_thread_blocked, id=14568, stack(0x000000fe1b100000,0x000000fe1b200000)]
  0x000002d6e24f9da0 JavaThread "Unconstrained build operations Thread 30" [_thread_blocked, id=26548, stack(0x000000fe1b200000,0x000000fe1b300000)]
  0x000002d6e1bf71c0 JavaThread "Unconstrained build operations Thread 31" [_thread_blocked, id=28640, stack(0x000000fe1b300000,0x000000fe1b400000)]
  0x000002d6e1bf3cd0 JavaThread "Unconstrained build operations Thread 32" [_thread_blocked, id=2752, stack(0x000000fe1b400000,0x000000fe1b500000)]
  0x000002d6e1bf6350 JavaThread "Unconstrained build operations Thread 33" [_thread_blocked, id=11880, stack(0x000000fe1b500000,0x000000fe1b600000)]
  0x000002d6e1bf5010 JavaThread "Unconstrained build operations Thread 34" [_thread_blocked, id=25924, stack(0x000000fe1b600000,0x000000fe1b700000)]
  0x000002d6e1bf54e0 JavaThread "Unconstrained build operations Thread 35" [_thread_blocked, id=7928, stack(0x000000fe1b700000,0x000000fe1b800000)]
  0x000002d6e1bf4670 JavaThread "Unconstrained build operations Thread 36" [_thread_blocked, id=3512, stack(0x000000fe1b800000,0x000000fe1b900000)]
  0x000002d6e1bf59b0 JavaThread "Unconstrained build operations Thread 37" [_thread_blocked, id=5212, stack(0x000000fe1b900000,0x000000fe1ba00000)]
  0x000002d6e1bf5e80 JavaThread "Unconstrained build operations Thread 38" [_thread_blocked, id=28320, stack(0x000000fe1ba00000,0x000000fe1bb00000)]
  0x000002d6e1bf1ff0 JavaThread "Unconstrained build operations Thread 39" [_thread_blocked, id=12072, stack(0x000000fe1bb00000,0x000000fe1bc00000)]
  0x000002d6e1bf6820 JavaThread "Unconstrained build operations Thread 40" [_thread_blocked, id=27776, stack(0x000000fe1bc00000,0x000000fe1bd00000)]
  0x000002d6e1bf6cf0 JavaThread "Unconstrained build operations Thread 41" [_thread_blocked, id=1368, stack(0x000000fe1bd00000,0x000000fe1be00000)]
  0x000002d6e1bf3330 JavaThread "Unconstrained build operations Thread 42" [_thread_blocked, id=4656, stack(0x000000fe1be00000,0x000000fe1bf00000)]
  0x000002d6e1bf7690 JavaThread "Unconstrained build operations Thread 43" [_thread_blocked, id=7252, stack(0x000000fe1bf00000,0x000000fe1c000000)]
  0x000002d6e1bf2e60 JavaThread "Unconstrained build operations Thread 44" [_thread_blocked, id=22724, stack(0x000000fe1c000000,0x000000fe1c100000)]
  0x000002d6e1bf8030 JavaThread "Unconstrained build operations Thread 45" [_thread_blocked, id=12700, stack(0x000000fe1c100000,0x000000fe1c200000)]
  0x000002d6e1bf3800 JavaThread "Unconstrained build operations Thread 46" [_thread_blocked, id=26064, stack(0x000000fe1c200000,0x000000fe1c300000)]
  0x000002d6e1bf7b60 JavaThread "Unconstrained build operations Thread 47" [_thread_blocked, id=23776, stack(0x000000fe1c300000,0x000000fe1c400000)]
  0x000002d6e1bf41a0 JavaThread "Unconstrained build operations Thread 48" [_thread_blocked, id=28356, stack(0x000000fe1c400000,0x000000fe1c500000)]
  0x000002d6e1bf8500 JavaThread "Unconstrained build operations Thread 49" [_thread_blocked, id=16416, stack(0x000000fe1c500000,0x000000fe1c600000)]
  0x000002d6e1bf1650 JavaThread "Unconstrained build operations Thread 50" [_thread_blocked, id=18040, stack(0x000000fe1c600000,0x000000fe1c700000)]
  0x000002d6e1bf0cb0 JavaThread "Unconstrained build operations Thread 51" [_thread_blocked, id=30616, stack(0x000000fe1c700000,0x000000fe1c800000)]
  0x000002d6e1bf1180 JavaThread "Unconstrained build operations Thread 52" [_thread_blocked, id=15568, stack(0x000000fe1c800000,0x000000fe1c900000)]
  0x000002d6e1bf4b40 JavaThread "Unconstrained build operations Thread 53" [_thread_blocked, id=3968, stack(0x000000fe1c900000,0x000000fe1ca00000)]
  0x000002d6e1bf1b20 JavaThread "Unconstrained build operations Thread 54" [_thread_blocked, id=24672, stack(0x000000fe1ca00000,0x000000fe1cb00000)]
  0x000002d6e1bf24c0 JavaThread "Unconstrained build operations Thread 55" [_thread_blocked, id=28884, stack(0x000000fe1cb00000,0x000000fe1cc00000)]
  0x000002d6e1bf2990 JavaThread "Unconstrained build operations Thread 56" [_thread_blocked, id=4488, stack(0x000000fe1cc00000,0x000000fe1cd00000)]
  0x000002d6e2217290 JavaThread "Unconstrained build operations Thread 57" [_thread_blocked, id=16112, stack(0x000000fe1cd00000,0x000000fe1ce00000)]
  0x000002d6e2210d80 JavaThread "Unconstrained build operations Thread 58" [_thread_blocked, id=4180, stack(0x000000fe1ce00000,0x000000fe1cf00000)]
  0x000002d6e22150e0 JavaThread "Unconstrained build operations Thread 59" [_thread_blocked, id=24852, stack(0x000000fe1cf00000,0x000000fe1d000000)]
  0x000002d6e22168f0 JavaThread "Unconstrained build operations Thread 60" [_thread_blocked, id=26968, stack(0x000000fe1d000000,0x000000fe1d100000)]
  0x000002d6e220fa40 JavaThread "Unconstrained build operations Thread 61" [_thread_blocked, id=28368, stack(0x000000fe1d100000,0x000000fe1d200000)]
  0x000002d6e22120c0 JavaThread "Unconstrained build operations Thread 62" [_thread_blocked, id=13012, stack(0x000000fe1d200000,0x000000fe1d300000)]
  0x000002d6e22103e0 JavaThread "Unconstrained build operations Thread 63" [_thread_blocked, id=6740, stack(0x000000fe1d300000,0x000000fe1d400000)]
  0x000002d6e2214270 JavaThread "Unconstrained build operations Thread 64" [_thread_blocked, id=3184, stack(0x000000fe1d400000,0x000000fe1d500000)]
  0x000002d6e2213400 JavaThread "Unconstrained build operations Thread 65" [_thread_blocked, id=11844, stack(0x000000fe1d500000,0x000000fe1d600000)]
  0x000002d6e22108b0 JavaThread "Unconstrained build operations Thread 66" [_thread_blocked, id=18644, stack(0x000000fe1d600000,0x000000fe1d700000)]
  0x000002d6e2216420 JavaThread "Unconstrained build operations Thread 67" [_thread_blocked, id=20748, stack(0x000000fe1d700000,0x000000fe1d800000)]
  0x000002d6e2212590 JavaThread "Unconstrained build operations Thread 68" [_thread_blocked, id=17180, stack(0x000000fe1d800000,0x000000fe1d900000)]
  0x000002d6e2212a60 JavaThread "Unconstrained build operations Thread 69" [_thread_blocked, id=12416, stack(0x000000fe1d900000,0x000000fe1da00000)]
  0x000002d6e22155b0 JavaThread "Unconstrained build operations Thread 70" [_thread_blocked, id=28184, stack(0x000000fe1da00000,0x000000fe1db00000)]
  0x000002d6e2214740 JavaThread "Unconstrained build operations Thread 71" [_thread_blocked, id=348, stack(0x000000fe1db00000,0x000000fe1dc00000)]
  0x000002d6e2214c10 JavaThread "Unconstrained build operations Thread 72" [_thread_blocked, id=7460, stack(0x000000fe1dc00000,0x000000fe1dd00000)]
  0x000002d6e2215f50 JavaThread "Unconstrained build operations Thread 73" [_thread_blocked, id=8128, stack(0x000000fe1dd00000,0x000000fe1de00000)]
  0x000002d6e2215a80 JavaThread "Unconstrained build operations Thread 74" [_thread_blocked, id=3040, stack(0x000000fe1de00000,0x000000fe1df00000)]
  0x000002d6e2216dc0 JavaThread "Unconstrained build operations Thread 75" [_thread_blocked, id=13476, stack(0x000000fe1df00000,0x000000fe1e000000)]
  0x000002d6e22138d0 JavaThread "Unconstrained build operations Thread 76" [_thread_blocked, id=30664, stack(0x000000fe1e000000,0x000000fe1e100000)]
  0x000002d6e2213da0 JavaThread "Unconstrained build operations Thread 77" [_thread_blocked, id=24580, stack(0x000000fe1e100000,0x000000fe1e200000)]
  0x000002d6e2212f30 JavaThread "Unconstrained build operations Thread 78" [_thread_blocked, id=6784, stack(0x000000fe1e200000,0x000000fe1e300000)]
  0x000002d6e220ff10 JavaThread "Unconstrained build operations Thread 79" [_thread_blocked, id=17164, stack(0x000000fe1e300000,0x000000fe1e400000)]
  0x000002d6e2211250 JavaThread "Unconstrained build operations Thread 80" [_thread_blocked, id=9628, stack(0x000000fe1e400000,0x000000fe1e500000)]
  0x000002d6e2211720 JavaThread "jar transforms Thread 6" [_thread_blocked, id=28328, stack(0x000000fe1e500000,0x000000fe1e600000)]
  0x000002d6e2211bf0 JavaThread "jar transforms Thread 7" [_thread_blocked, id=26472, stack(0x000000fe1e600000,0x000000fe1e700000)]
  0x000002d6e4f21fe0 JavaThread "jar transforms Thread 8" [_thread_blocked, id=7592, stack(0x000000fe1e700000,0x000000fe1e800000)]
  0x000002d6e4f28020 JavaThread "build event listener" [_thread_blocked, id=20408, stack(0x000000fe1e800000,0x000000fe1e900000)]
  0x000002d6e4f259a0 JavaThread "Memory manager" [_thread_blocked, id=9680, stack(0x000000fe18800000,0x000000fe18900000)]
  0x000002d6e4f254d0 JavaThread "build event listener" [_thread_blocked, id=30308, stack(0x000000fe1eb00000,0x000000fe1ec00000)]
  0x000002d6e4f23320 JavaThread "build event listener" [_thread_blocked, id=19696, stack(0x000000fe1ec00000,0x000000fe1ed00000)]
  0x000002d6e4f289c0 JavaThread "included builds" [_thread_blocked, id=25648, stack(0x000000fe1ea00000,0x000000fe1eb00000)]
  0x000002d6e4f27680 JavaThread "Execution worker" [_thread_blocked, id=13772, stack(0x000000fe1ed00000,0x000000fe1ee00000)]
  0x000002d6e4f21170 JavaThread "Execution worker Thread 2" [_thread_blocked, id=23296, stack(0x000000fe1ee00000,0x000000fe1ef00000)]
  0x000002d6e4f27b50 JavaThread "Execution worker Thread 3" [_thread_blocked, id=4308, stack(0x000000fe1ef00000,0x000000fe1f000000)]
  0x000002d6e4f24b30 JavaThread "Execution worker Thread 4" [_thread_blocked, id=21660, stack(0x000000fe1f000000,0x000000fe1f100000)]
  0x000002d6e4f21640 JavaThread "Execution worker Thread 5" [_thread_blocked, id=11408, stack(0x000000fe1f100000,0x000000fe1f200000)]
  0x000002d6e4f25000 JavaThread "Execution worker Thread 6" [_thread_blocked, id=30216, stack(0x000000fe1f200000,0x000000fe1f300000)]
  0x000002d6e4f25e70 JavaThread "Execution worker Thread 7" [_thread_blocked, id=18772, stack(0x000000fe1f300000,0x000000fe1f400000)]
  0x000002d6e4f22980 JavaThread "Cache worker for execution history cache (E:\IFPB\CST\AndroidStudio\gerarsenha\.gradle\8.0\executionHistory)" [_thread_blocked, id=19364, stack(0x000000fe1f400000,0x000000fe1f500000)]

Other Threads:
=>0x000002d6dc81f450 VMThread "VM Thread" [stack: 0x000000fe16100000,0x000000fe16200000] [id=25644]
  0x000002d6c1f94f00 WatcherThread [stack: 0x000000fe16d00000,0x000000fe16e00000] [id=14152]
  0x000002d6c1f79190 GCTaskThread "GC Thread#0" [stack: 0x000000fe15c00000,0x000000fe15d00000] [id=31628]
  0x000002d6dd2db390 GCTaskThread "GC Thread#1" [stack: 0x000000fe16e00000,0x000000fe16f00000] [id=24376]
  0x000002d6dd58e810 GCTaskThread "GC Thread#2" [stack: 0x000000fe16f00000,0x000000fe17000000] [id=17296]
  0x000002d6dd916a00 GCTaskThread "GC Thread#3" [stack: 0x000000fe17000000,0x000000fe17100000] [id=12068]
  0x000002d6dd894070 GCTaskThread "GC Thread#4" [stack: 0x000000fe17200000,0x000000fe17300000] [id=13168]
  0x000002d6dcddb690 GCTaskThread "GC Thread#5" [stack: 0x000000fe17c00000,0x000000fe17d00000] [id=27796]
  0x000002d6dcddb940 GCTaskThread "GC Thread#6" [stack: 0x000000fe17d00000,0x000000fe17e00000] [id=12436]
  0x000002d6dd317040 GCTaskThread "GC Thread#7" [stack: 0x000000fe17e00000,0x000000fe17f00000] [id=6684]
  0x000002d6c1f8c7a0 ConcurrentGCThread "G1 Main Marker" [stack: 0x000000fe15d00000,0x000000fe15e00000] [id=17960]
  0x000002d6c1f8d0c0 ConcurrentGCThread "G1 Conc#0" [stack: 0x000000fe15e00000,0x000000fe15f00000] [id=17772]
  0x000002d6dcbbf340 ConcurrentGCThread "G1 Conc#1" [stack: 0x000000fe17f00000,0x000000fe18000000] [id=5008]
  0x000002d6c1fee9a0 ConcurrentGCThread "G1 Refine#0" [stack: 0x000000fe15f00000,0x000000fe16000000] [id=29484]
  0x000002d6df46eed0 ConcurrentGCThread "G1 Refine#1" [stack: 0x000000fe18f00000,0x000000fe19000000] [id=29692]
  0x000002d6e47ed370 ConcurrentGCThread "G1 Refine#2" [stack: 0x000000fe1e900000,0x000000fe1ea00000] [id=17712]
  0x000002d6dbbf8540 ConcurrentGCThread "G1 Service" [stack: 0x000000fe16000000,0x000000fe16100000] [id=6280]

Threads with active compile tasks:
C2 CompilerThread0    42430 11514       4       com.android.utils.XmlUtils::append (597 bytes)

VM state: at safepoint (normal execution)

VM Mutex/Monitor currently owned by a thread:  ([mutex/lock_event])
[0x000002d6c1f07f80] Threads_lock - owner thread: 0x000002d6dc81f450
[0x000002d6c1f090f0] Heap_lock - owner thread: 0x000002d6e4f27680

Heap address: 0x0000000080000000, size: 2048 MB, Compressed Oops mode: 32-bit

CDS archive(s) not mapped
Compressed class space mapped at: 0x0000000100000000-0x0000000140000000, reserved size: 1073741824
Narrow klass base: 0x0000000000000000, Narrow klass shift: 3, Narrow klass range: 0x140000000

GC Precious Log:
 CPUs: 8 total, 8 available
 Memory: 8056M
 Large Page Support: Disabled
 NUMA Support: Disabled
 Compressed Oops: Enabled (32-bit)
 Heap Region Size: 1M
 Heap Min Capacity: 8M
 Heap Initial Capacity: 126M
 Heap Max Capacity: 2G
 Pre-touch: Disabled
 Parallel Workers: 8
 Concurrent Workers: 2
 Concurrent Refinement Workers: 8
 Periodic GC: Disabled

Heap:
 garbage-first heap   total 159744K, used 110460K [0x0000000080000000, 0x0000000100000000)
  region size 1024K, 3 young (3072K), 3 survivors (3072K)
 Metaspace       used 100016K, committed 100736K, reserved 1138688K
  class space    used 13648K, committed 14016K, reserved 1048576K

Heap Regions: E=young(eden), S=young(survivor), O=old, HS=humongous(starts), HC=humongous(continues), CS=collection set, F=free, OA=open archive, CA=closed archive, TAMS=top-at-mark-start (previous, next)
|   0|0x0000000080000000, 0x0000000080100000, 0x0000000080100000|100%|HS|  |TAMS 0x0000000080100000, 0x0000000080000000| Complete 
|   1|0x0000000080100000, 0x0000000080200000, 0x0000000080200000|100%|HC|  |TAMS 0x0000000080200000, 0x0000000080100000| Complete 
|   2|0x0000000080200000, 0x0000000080300000, 0x0000000080300000|100%|HC|  |TAMS 0x0000000080300000, 0x0000000080200000| Complete 
|   3|0x0000000080300000, 0x0000000080400000, 0x0000000080400000|100%|HC|  |TAMS 0x0000000080400000, 0x0000000080300000| Complete 
|   4|0x0000000080400000, 0x0000000080500000, 0x0000000080500000|100%| O|  |TAMS 0x0000000080500000, 0x0000000080400000| Untracked 
|   5|0x0000000080500000, 0x0000000080600000, 0x0000000080600000|100%| O|  |TAMS 0x0000000080600000, 0x0000000080500000| Untracked 
|   6|0x0000000080600000, 0x0000000080700000, 0x0000000080700000|100%| O|  |TAMS 0x0000000080700000, 0x0000000080600000| Untracked 
|   7|0x0000000080700000, 0x0000000080800000, 0x0000000080800000|100%| O|  |TAMS 0x0000000080800000, 0x0000000080700000| Untracked 
|   8|0x0000000080800000, 0x0000000080900000, 0x0000000080900000|100%| O|  |TAMS 0x0000000080900000, 0x0000000080800000| Untracked 
|   9|0x0000000080900000, 0x0000000080a00000, 0x0000000080a00000|100%| O|  |TAMS 0x0000000080a00000, 0x0000000080900000| Untracked 
|  10|0x0000000080a00000, 0x0000000080b00000, 0x0000000080b00000|100%| O|  |TAMS 0x0000000080b00000, 0x0000000080a00000| Untracked 
|  11|0x0000000080b00000, 0x0000000080c00000, 0x0000000080c00000|100%| O|  |TAMS 0x0000000080c00000, 0x0000000080b00000| Untracked 
|  12|0x0000000080c00000, 0x0000000080d00000, 0x0000000080d00000|100%| O|  |TAMS 0x0000000080d00000, 0x0000000080c00000| Untracked 
|  13|0x0000000080d00000, 0x0000000080e00000, 0x0000000080e00000|100%| O|  |TAMS 0x0000000080e00000, 0x0000000080d00000| Untracked 
|  14|0x0000000080e00000, 0x0000000080f00000, 0x0000000080f00000|100%| O|  |TAMS 0x0000000080f00000, 0x0000000080e00000| Untracked 
|  15|0x0000000080f00000, 0x0000000081000000, 0x0000000081000000|100%| O|  |TAMS 0x0000000081000000, 0x0000000080f00000| Untracked 
|  16|0x0000000081000000, 0x0000000081100000, 0x0000000081100000|100%| O|  |TAMS 0x0000000081100000, 0x0000000081000000| Untracked 
|  17|0x0000000081100000, 0x0000000081200000, 0x0000000081200000|100%| O|  |TAMS 0x0000000081200000, 0x0000000081100000| Untracked 
|  18|0x0000000081200000, 0x0000000081300000, 0x0000000081300000|100%| O|  |TAMS 0x0000000081300000, 0x0000000081200000| Untracked 
|  19|0x0000000081300000, 0x0000000081400000, 0x0000000081400000|100%| O|  |TAMS 0x0000000081400000, 0x0000000081300000| Untracked 
|  20|0x0000000081400000, 0x0000000081500000, 0x0000000081500000|100%| O|  |TAMS 0x0000000081500000, 0x0000000081400000| Untracked 
|  21|0x0000000081500000, 0x0000000081600000, 0x0000000081600000|100%| O|  |TAMS 0x0000000081600000, 0x0000000081500000| Untracked 
|  22|0x0000000081600000, 0x0000000081700000, 0x0000000081700000|100%| O|  |TAMS 0x0000000081700000, 0x0000000081600000| Untracked 
|  23|0x0000000081700000, 0x0000000081800000, 0x0000000081800000|100%| O|  |TAMS 0x0000000081800000, 0x0000000081700000| Untracked 
|  24|0x0000000081800000, 0x0000000081900000, 0x0000000081900000|100%| O|  |TAMS 0x0000000081900000, 0x0000000081800000| Untracked 
|  25|0x0000000081900000, 0x0000000081a00000, 0x0000000081a00000|100%| O|  |TAMS 0x0000000081a00000, 0x0000000081900000| Untracked 
|  26|0x0000000081a00000, 0x0000000081b00000, 0x0000000081b00000|100%| O|  |TAMS 0x0000000081b00000, 0x0000000081a00000| Untracked 
|  27|0x0000000081b00000, 0x0000000081c00000, 0x0000000081c00000|100%| O|  |TAMS 0x0000000081c00000, 0x0000000081b00000| Untracked 
|  28|0x0000000081c00000, 0x0000000081d00000, 0x0000000081d00000|100%| O|  |TAMS 0x0000000081d00000, 0x0000000081c00000| Untracked 
|  29|0x0000000081d00000, 0x0000000081e00000, 0x0000000081e00000|100%| O|  |TAMS 0x0000000081e00000, 0x0000000081d00000| Untracked 
|  30|0x0000000081e00000, 0x0000000081f00000, 0x0000000081f00000|100%| O|  |TAMS 0x0000000081f00000, 0x0000000081e00000| Untracked 
|  31|0x0000000081f00000, 0x0000000082000000, 0x0000000082000000|100%| O|  |TAMS 0x0000000082000000, 0x0000000081f00000| Untracked 
|  32|0x0000000082000000, 0x0000000082100000, 0x0000000082100000|100%| O|  |TAMS 0x0000000082100000, 0x0000000082000000| Untracked 
|  33|0x0000000082100000, 0x0000000082200000, 0x0000000082200000|100%| O|  |TAMS 0x0000000082200000, 0x0000000082100000| Untracked 
|  34|0x0000000082200000, 0x0000000082300000, 0x0000000082300000|100%| O|  |TAMS 0x0000000082200000, 0x0000000082200000| Untracked 
|  35|0x0000000082300000, 0x0000000082400000, 0x0000000082400000|100%| O|  |TAMS 0x0000000082400000, 0x0000000082300000| Untracked 
|  36|0x0000000082400000, 0x0000000082500000, 0x0000000082500000|100%|HS|  |TAMS 0x0000000082500000, 0x0000000082400000| Complete 
|  37|0x0000000082500000, 0x0000000082600000, 0x0000000082600000|100%| O|  |TAMS 0x0000000082600000, 0x0000000082500000| Untracked 
|  38|0x0000000082600000, 0x0000000082700000, 0x0000000082700000|100%| O|  |TAMS 0x0000000082700000, 0x0000000082600000| Untracked 
|  39|0x0000000082700000, 0x0000000082800000, 0x0000000082800000|100%|HS|  |TAMS 0x0000000082800000, 0x0000000082700000| Complete 
|  40|0x0000000082800000, 0x0000000082900000, 0x0000000082900000|100%|HS|  |TAMS 0x0000000082900000, 0x0000000082800000| Complete 
|  41|0x0000000082900000, 0x0000000082a00000, 0x0000000082a00000|100%|HC|  |TAMS 0x0000000082a00000, 0x0000000082900000| Complete 
|  42|0x0000000082a00000, 0x0000000082b00000, 0x0000000082b00000|100%|HS|  |TAMS 0x0000000082b00000, 0x0000000082a00000| Complete 
|  43|0x0000000082b00000, 0x0000000082c00000, 0x0000000082c00000|100%|HS|  |TAMS 0x0000000082c00000, 0x0000000082b00000| Complete 
|  44|0x0000000082c00000, 0x0000000082d00000, 0x0000000082d00000|100%|HC|  |TAMS 0x0000000082d00000, 0x0000000082c00000| Complete 
|  45|0x0000000082d00000, 0x0000000082e00000, 0x0000000082e00000|100%|HC|  |TAMS 0x0000000082e00000, 0x0000000082d00000| Complete 
|  46|0x0000000082e00000, 0x0000000082f00000, 0x0000000082f00000|100%|HC|  |TAMS 0x0000000082f00000, 0x0000000082e00000| Complete 
|  47|0x0000000082f00000, 0x0000000083000000, 0x0000000083000000|100%| O|  |TAMS 0x0000000083000000, 0x0000000082f00000| Untracked 
|  48|0x0000000083000000, 0x0000000083100000, 0x0000000083100000|100%| O|  |TAMS 0x0000000083100000, 0x0000000083000000| Untracked 
|  49|0x0000000083100000, 0x0000000083200000, 0x0000000083200000|100%| O|  |TAMS 0x0000000083200000, 0x0000000083100000| Untracked 
|  50|0x0000000083200000, 0x0000000083300000, 0x0000000083300000|100%| O|  |TAMS 0x0000000083300000, 0x0000000083200000| Untracked 
|  51|0x0000000083300000, 0x0000000083400000, 0x0000000083400000|100%| O|  |TAMS 0x0000000083400000, 0x0000000083300000| Untracked 
|  52|0x0000000083400000, 0x0000000083400000, 0x0000000083500000|  0%| F|  |TAMS 0x0000000083400000, 0x0000000083400000| Untracked 
|  53|0x0000000083500000, 0x0000000083600000, 0x0000000083600000|100%| O|  |TAMS 0x0000000083600000, 0x0000000083500000| Untracked 
|  54|0x0000000083600000, 0x0000000083700000, 0x0000000083700000|100%| O|  |TAMS 0x0000000083700000, 0x0000000083600000| Untracked 
|  55|0x0000000083700000, 0x0000000083800000, 0x0000000083800000|100%| O|  |TAMS 0x0000000083800000, 0x0000000083700000| Untracked 
|  56|0x0000000083800000, 0x0000000083900000, 0x0000000083900000|100%| O|  |TAMS 0x0000000083900000, 0x0000000083800000| Untracked 
|  57|0x0000000083900000, 0x0000000083a00000, 0x0000000083a00000|100%| O|  |TAMS 0x0000000083a00000, 0x0000000083900000| Untracked 
|  58|0x0000000083a00000, 0x0000000083b00000, 0x0000000083b00000|100%| O|  |TAMS 0x0000000083b00000, 0x0000000083a00000| Untracked 
|  59|0x0000000083b00000, 0x0000000083c00000, 0x0000000083c00000|100%| O|  |TAMS 0x0000000083c00000, 0x0000000083b00000| Untracked 
|  60|0x0000000083c00000, 0x0000000083d00000, 0x0000000083d00000|100%| O|  |TAMS 0x0000000083d00000, 0x0000000083c00000| Untracked 
|  61|0x0000000083d00000, 0x0000000083e00000, 0x0000000083e00000|100%| O|  |TAMS 0x0000000083e00000, 0x0000000083d00000| Untracked 
|  62|0x0000000083e00000, 0x0000000083f00000, 0x0000000083f00000|100%| O|  |TAMS 0x0000000083f00000, 0x0000000083e00000| Untracked 
|  63|0x0000000083f00000, 0x0000000084000000, 0x0000000084000000|100%| O|  |TAMS 0x0000000084000000, 0x0000000083f00000| Untracked 
|  64|0x0000000084000000, 0x0000000084100000, 0x0000000084100000|100%| O|  |TAMS 0x0000000084100000, 0x0000000084000000| Untracked 
|  65|0x0000000084100000, 0x0000000084200000, 0x0000000084200000|100%| O|  |TAMS 0x0000000084200000, 0x0000000084100000| Untracked 
|  66|0x0000000084200000, 0x0000000084300000, 0x0000000084300000|100%| O|  |TAMS 0x0000000084300000, 0x0000000084200000| Untracked 
|  67|0x0000000084300000, 0x0000000084400000, 0x0000000084400000|100%| O|  |TAMS 0x0000000084400000, 0x0000000084300000| Untracked 
|  68|0x0000000084400000, 0x0000000084500000, 0x0000000084500000|100%| O|  |TAMS 0x0000000084500000, 0x0000000084400000| Untracked 
|  69|0x0000000084500000, 0x0000000084600000, 0x0000000084600000|100%| O|  |TAMS 0x0000000084600000, 0x0000000084500000| Untracked 
|  70|0x0000000084600000, 0x0000000084700000, 0x0000000084700000|100%| O|  |TAMS 0x0000000084700000, 0x0000000084600000| Untracked 
|  71|0x0000000084700000, 0x0000000084800000, 0x0000000084800000|100%| O|  |TAMS 0x0000000084800000, 0x0000000084700000| Untracked 
|  72|0x0000000084800000, 0x0000000084900000, 0x0000000084900000|100%| O|  |TAMS 0x0000000084900000, 0x0000000084800000| Untracked 
|  73|0x0000000084900000, 0x0000000084a00000, 0x0000000084a00000|100%| O|  |TAMS 0x0000000084a00000, 0x0000000084900000| Untracked 
|  74|0x0000000084a00000, 0x0000000084b00000, 0x0000000084b00000|100%| O|  |TAMS 0x0000000084b00000, 0x0000000084a00000| Untracked 
|  75|0x0000000084b00000, 0x0000000084c00000, 0x0000000084c00000|100%| O|  |TAMS 0x0000000084c00000, 0x0000000084b00000| Untracked 
|  76|0x0000000084c00000, 0x0000000084d00000, 0x0000000084d00000|100%| O|  |TAMS 0x0000000084d00000, 0x0000000084c00000| Untracked 
|  77|0x0000000084d00000, 0x0000000084e00000, 0x0000000084e00000|100%| O|  |TAMS 0x0000000084e00000, 0x0000000084d00000| Untracked 
|  78|0x0000000084e00000, 0x0000000084f00000, 0x0000000084f00000|100%| O|  |TAMS 0x0000000084f00000, 0x0000000084e00000| Untracked 
|  79|0x0000000084f00000, 0x0000000085000000, 0x0000000085000000|100%| O|  |TAMS 0x0000000085000000, 0x0000000084f00000| Untracked 
|  80|0x0000000085000000, 0x0000000085100000, 0x0000000085100000|100%| O|  |TAMS 0x0000000085100000, 0x0000000085000000| Untracked 
|  81|0x0000000085100000, 0x0000000085200000, 0x0000000085200000|100%| O|  |TAMS 0x0000000085200000, 0x0000000085100000| Untracked 
|  82|0x0000000085200000, 0x0000000085300000, 0x0000000085300000|100%| O|  |TAMS 0x0000000085300000, 0x0000000085200000| Untracked 
|  83|0x0000000085300000, 0x0000000085400000, 0x0000000085400000|100%| O|  |TAMS 0x0000000085400000, 0x0000000085300000| Untracked 
|  84|0x0000000085400000, 0x0000000085500000, 0x0000000085500000|100%| O|  |TAMS 0x0000000085485400, 0x0000000085400000| Untracked 
|  85|0x0000000085500000, 0x0000000085600000, 0x0000000085600000|100%| O|  |TAMS 0x0000000085500000, 0x0000000085500000| Untracked 
|  86|0x0000000085600000, 0x0000000085700000, 0x0000000085700000|100%| O|  |TAMS 0x0000000085600000, 0x0000000085600000| Untracked 
|  87|0x0000000085700000, 0x0000000085800000, 0x0000000085800000|100%| O|  |TAMS 0x0000000085700000, 0x0000000085700000| Untracked 
|  88|0x0000000085800000, 0x0000000085900000, 0x0000000085900000|100%| O|  |TAMS 0x0000000085800000, 0x0000000085800000| Untracked 
|  89|0x0000000085900000, 0x0000000085a00000, 0x0000000085a00000|100%| O|  |TAMS 0x0000000085900000, 0x0000000085900000| Untracked 
|  90|0x0000000085a00000, 0x0000000085b00000, 0x0000000085b00000|100%| O|  |TAMS 0x0000000085a00000, 0x0000000085a00000| Untracked 
|  91|0x0000000085b00000, 0x0000000085c00000, 0x0000000085c00000|100%| O|  |TAMS 0x0000000085b00000, 0x0000000085b00000| Untracked 
|  92|0x0000000085c00000, 0x0000000085d00000, 0x0000000085d00000|100%| O|  |TAMS 0x0000000085c00000, 0x0000000085c00000| Untracked 
|  93|0x0000000085d00000, 0x0000000085e00000, 0x0000000085e00000|100%| O|  |TAMS 0x0000000085d00000, 0x0000000085d00000| Untracked 
|  94|0x0000000085e00000, 0x0000000085f00000, 0x0000000085f00000|100%| O|  |TAMS 0x0000000085e00000, 0x0000000085e00000| Untracked 
|  95|0x0000000085f00000, 0x0000000086000000, 0x0000000086000000|100%| O|  |TAMS 0x0000000085f00000, 0x0000000085f00000| Untracked 
|  96|0x0000000086000000, 0x0000000086100000, 0x0000000086100000|100%| O|  |TAMS 0x0000000086000000, 0x0000000086000000| Untracked 
|  97|0x0000000086100000, 0x0000000086200000, 0x0000000086200000|100%| O|  |TAMS 0x0000000086100000, 0x0000000086100000| Untracked 
|  98|0x0000000086200000, 0x0000000086300000, 0x0000000086300000|100%| O|  |TAMS 0x0000000086200000, 0x0000000086200000| Untracked 
|  99|0x0000000086300000, 0x0000000086400000, 0x0000000086400000|100%| O|  |TAMS 0x0000000086300000, 0x0000000086300000| Untracked 
| 100|0x0000000086400000, 0x0000000086500000, 0x0000000086500000|100%| O|  |TAMS 0x0000000086400000, 0x0000000086400000| Untracked 
| 101|0x0000000086500000, 0x0000000086600000, 0x0000000086600000|100%| O|  |TAMS 0x0000000086500000, 0x0000000086500000| Untracked 
| 102|0x0000000086600000, 0x0000000086700000, 0x0000000086700000|100%| O|  |TAMS 0x0000000086600000, 0x0000000086600000| Untracked 
| 103|0x0000000086700000, 0x0000000086800000, 0x0000000086800000|100%| O|  |TAMS 0x0000000086700000, 0x0000000086700000| Untracked 
| 104|0x0000000086800000, 0x0000000086900000, 0x0000000086900000|100%| O|  |TAMS 0x0000000086800000, 0x0000000086800000| Untracked 
| 105|0x0000000086900000, 0x00000000869df000, 0x0000000086a00000| 87%| O|  |TAMS 0x0000000086900000, 0x0000000086900000| Untracked 
| 106|0x0000000086a00000, 0x0000000086a00000, 0x0000000086b00000|  0%| F|  |TAMS 0x0000000086a00000, 0x0000000086a00000| Untracked 
| 107|0x0000000086b00000, 0x0000000086b00000, 0x0000000086c00000|  0%| F|  |TAMS 0x0000000086b00000, 0x0000000086b00000| Untracked 
| 108|0x0000000086c00000, 0x0000000086c00000, 0x0000000086d00000|  0%| F|  |TAMS 0x0000000086c00000, 0x0000000086c00000| Untracked 
| 109|0x0000000086d00000, 0x0000000086d00000, 0x0000000086e00000|  0%| F|  |TAMS 0x0000000086d00000, 0x0000000086d00000| Untracked 
| 110|0x0000000086e00000, 0x0000000086e00000, 0x0000000086f00000|  0%| F|  |TAMS 0x0000000086e00000, 0x0000000086e00000| Untracked 
| 111|0x0000000086f00000, 0x0000000086f00000, 0x0000000087000000|  0%| F|  |TAMS 0x0000000086f00000, 0x0000000086f00000| Untracked 
| 112|0x0000000087000000, 0x0000000087000000, 0x0000000087100000|  0%| F|  |TAMS 0x0000000087000000, 0x0000000087000000| Untracked 
| 113|0x0000000087100000, 0x0000000087100000, 0x0000000087200000|  0%| F|  |TAMS 0x0000000087100000, 0x0000000087100000| Untracked 
| 114|0x0000000087200000, 0x0000000087200000, 0x0000000087300000|  0%| F|  |TAMS 0x0000000087200000, 0x0000000087200000| Untracked 
| 115|0x0000000087300000, 0x0000000087300000, 0x0000000087400000|  0%| F|  |TAMS 0x0000000087300000, 0x0000000087300000| Untracked 
| 116|0x0000000087400000, 0x0000000087400000, 0x0000000087500000|  0%| F|  |TAMS 0x0000000087400000, 0x0000000087400000| Untracked 
| 117|0x0000000087500000, 0x0000000087500000, 0x0000000087600000|  0%| F|  |TAMS 0x0000000087500000, 0x0000000087500000| Untracked 
| 118|0x0000000087600000, 0x0000000087600000, 0x0000000087700000|  0%| F|  |TAMS 0x0000000087600000, 0x0000000087600000| Untracked 
| 119|0x0000000087700000, 0x0000000087700000, 0x0000000087800000|  0%| F|  |TAMS 0x0000000087700000, 0x0000000087700000| Untracked 
| 120|0x0000000087800000, 0x0000000087800000, 0x0000000087900000|  0%| F|  |TAMS 0x0000000087800000, 0x0000000087800000| Untracked 
| 121|0x0000000087900000, 0x0000000087900000, 0x0000000087a00000|  0%| F|  |TAMS 0x0000000087900000, 0x0000000087900000| Untracked 
| 122|0x0000000087a00000, 0x0000000087a00000, 0x0000000087b00000|  0%| F|  |TAMS 0x0000000087a00000, 0x0000000087a00000| Untracked 
| 123|0x0000000087b00000, 0x0000000087b00000, 0x0000000087c00000|  0%| F|  |TAMS 0x0000000087b00000, 0x0000000087b00000| Untracked 
| 124|0x0000000087c00000, 0x0000000087c00000, 0x0000000087d00000|  0%| F|  |TAMS 0x0000000087c00000, 0x0000000087c00000| Untracked 
| 125|0x0000000087d00000, 0x0000000087d00000, 0x0000000087e00000|  0%| F|  |TAMS 0x0000000087d00000, 0x0000000087d00000| Untracked 
| 126|0x0000000087e00000, 0x0000000087e00000, 0x0000000087f00000|  0%| F|  |TAMS 0x0000000087e00000, 0x0000000087e00000| Untracked 
| 127|0x0000000087f00000, 0x0000000087f00000, 0x0000000088000000|  0%| F|  |TAMS 0x0000000087f00000, 0x0000000087f00000| Untracked 
| 128|0x0000000088000000, 0x0000000088000000, 0x0000000088100000|  0%| F|  |TAMS 0x0000000088000000, 0x0000000088000000| Untracked 
| 129|0x0000000088100000, 0x0000000088100000, 0x0000000088200000|  0%| F|  |TAMS 0x0000000088100000, 0x0000000088100000| Untracked 
| 130|0x0000000088200000, 0x0000000088200000, 0x0000000088300000|  0%| F|  |TAMS 0x0000000088200000, 0x0000000088200000| Untracked 
| 131|0x0000000088300000, 0x0000000088300000, 0x0000000088400000|  0%| F|  |TAMS 0x0000000088300000, 0x0000000088300000| Untracked 
| 132|0x0000000088400000, 0x0000000088400000, 0x0000000088500000|  0%| F|  |TAMS 0x0000000088400000, 0x0000000088400000| Untracked 
| 133|0x0000000088500000, 0x0000000088600000, 0x0000000088600000|100%| S|CS|TAMS 0x0000000088500000, 0x0000000088500000| Complete 
| 134|0x0000000088600000, 0x0000000088700000, 0x0000000088700000|100%| S|CS|TAMS 0x0000000088600000, 0x0000000088600000| Complete 
| 135|0x0000000088700000, 0x0000000088800000, 0x0000000088800000|100%| S|CS|TAMS 0x0000000088700000, 0x0000000088700000| Complete 
| 136|0x0000000088800000, 0x0000000088800000, 0x0000000088900000|  0%| F|  |TAMS 0x0000000088800000, 0x0000000088800000| Untracked 
| 137|0x0000000088900000, 0x0000000088900000, 0x0000000088a00000|  0%| F|  |TAMS 0x0000000088900000, 0x0000000088900000| Untracked 
| 138|0x0000000088a00000, 0x0000000088a00000, 0x0000000088b00000|  0%| F|  |TAMS 0x0000000088a00000, 0x0000000088a00000| Untracked 
| 139|0x0000000088b00000, 0x0000000088b00000, 0x0000000088c00000|  0%| F|  |TAMS 0x0000000088b00000, 0x0000000088b00000| Untracked 
| 140|0x0000000088c00000, 0x0000000088c00000, 0x0000000088d00000|  0%| F|  |TAMS 0x0000000088c00000, 0x0000000088c00000| Untracked 
| 141|0x0000000088d00000, 0x0000000088d00000, 0x0000000088e00000|  0%| F|  |TAMS 0x0000000088d00000, 0x0000000088d00000| Untracked 
| 142|0x0000000088e00000, 0x0000000088e00000, 0x0000000088f00000|  0%| F|  |TAMS 0x0000000088e00000, 0x0000000088e00000| Untracked 
| 143|0x0000000088f00000, 0x0000000088f00000, 0x0000000089000000|  0%| F|  |TAMS 0x0000000088f00000, 0x0000000088f00000| Untracked 
| 144|0x0000000089000000, 0x0000000089000000, 0x0000000089100000|  0%| F|  |TAMS 0x0000000089000000, 0x0000000089000000| Untracked 
| 145|0x0000000089100000, 0x0000000089100000, 0x0000000089200000|  0%| F|  |TAMS 0x0000000089100000, 0x0000000089100000| Untracked 
| 146|0x0000000089200000, 0x0000000089200000, 0x0000000089300000|  0%| F|  |TAMS 0x0000000089200000, 0x0000000089200000| Untracked 
| 147|0x0000000089300000, 0x0000000089300000, 0x0000000089400000|  0%| F|  |TAMS 0x0000000089300000, 0x0000000089300000| Untracked 
| 148|0x0000000089400000, 0x0000000089400000, 0x0000000089500000|  0%| F|  |TAMS 0x0000000089400000, 0x0000000089400000| Untracked 
| 149|0x0000000089500000, 0x0000000089500000, 0x0000000089600000|  0%| F|  |TAMS 0x0000000089500000, 0x0000000089500000| Untracked 
| 150|0x0000000089600000, 0x0000000089600000, 0x0000000089700000|  0%| F|  |TAMS 0x0000000089600000, 0x0000000089600000| Untracked 
| 151|0x0000000089700000, 0x0000000089700000, 0x0000000089800000|  0%| F|  |TAMS 0x0000000089700000, 0x0000000089700000| Untracked 
| 152|0x0000000089800000, 0x0000000089800000, 0x0000000089900000|  0%| F|  |TAMS 0x0000000089800000, 0x0000000089800000| Untracked 
| 153|0x0000000089900000, 0x0000000089900000, 0x0000000089a00000|  0%| F|  |TAMS 0x0000000089900000, 0x0000000089900000| Untracked 
| 154|0x0000000089a00000, 0x0000000089a00000, 0x0000000089b00000|  0%| F|  |TAMS 0x0000000089a00000, 0x0000000089a00000| Untracked 
| 155|0x0000000089b00000, 0x0000000089b00000, 0x0000000089c00000|  0%| F|  |TAMS 0x0000000089b00000, 0x0000000089b00000| Untracked 

Card table byte_map: [0x000002d6d4b20000,0x000002d6d4f20000] _byte_map_base: 0x000002d6d4720000

Marking Bits (Prev, Next): (CMBitMap*) 0x000002d6c1f796f0, (CMBitMap*) 0x000002d6c1f796b0
 Prev Bits: [0x000002d6d7320000, 0x000002d6d9320000)
 Next Bits: [0x000002d6d5320000, 0x000002d6d7320000)

Polling page: 0x000002d6bff20000

Metaspace:

Usage:
  Non-class:     84.34 MB used.
      Class:     13.33 MB used.
       Both:     97.67 MB used.

Virtual space:
  Non-class space:       88.00 MB reserved,      84.69 MB ( 96%) committed,  11 nodes.
      Class space:        1.00 GB reserved,      13.69 MB (  1%) committed,  1 nodes.
             Both:        1.09 GB reserved,      98.38 MB (  9%) committed. 

Chunk freelists:
   Non-Class:  3.17 MB
       Class:  2.35 MB
        Both:  5.51 MB

MaxMetaspaceSize: unlimited
CompressedClassSpaceSize: 1.00 GB
Initial GC threshold: 21.00 MB
Current GC threshold: 158.12 MB
CDS: off
MetaspaceReclaimPolicy: balanced
 - commit_granule_bytes: 65536.
 - commit_granule_words: 8192.
 - virtual_space_node_default_size: 1048576.
 - enlarge_chunks_in_place: 1.
 - new_chunks_are_fully_committed: 0.
 - uncommit_free_chunks: 1.
 - use_allocation_guard: 0.
 - handle_deallocations: 1.


Internal statistics:

num_allocs_failed_limit: 6.
num_arena_births: 1058.
num_arena_deaths: 0.
num_vsnodes_births: 12.
num_vsnodes_deaths: 0.
num_space_committed: 1573.
num_space_uncommitted: 0.
num_chunks_returned_to_freelist: 6.
num_chunks_taken_from_freelist: 4781.
num_chunk_merges: 6.
num_chunk_splits: 3177.
num_chunks_enlarged: 2144.
num_purges: 0.
num_inconsistent_stats: 0.

CodeHeap 'non-profiled nmethods': size=120000Kb used=6025Kb max_used=6082Kb free=113974Kb
 bounds [0x000002d6ccec0000, 0x000002d6cd4c0000, 0x000002d6d43f0000]
CodeHeap 'profiled nmethods': size=120000Kb used=19187Kb max_used=19187Kb free=100812Kb
 bounds [0x000002d6c53f0000, 0x000002d6c66b0000, 0x000002d6cc920000]
CodeHeap 'non-nmethods': size=5760Kb used=2402Kb max_used=2548Kb free=3357Kb
 bounds [0x000002d6cc920000, 0x000002d6ccbb0000, 0x000002d6ccec0000]
 total_blobs=10916 nmethods=9975 adapters=853
 compilation: enabled
              stopped_count=0, restarted_count=0
 full_count=0

Compilation events (20 events):
Event: 38.016 Thread 0x000002d6dc856200 11518       2       java.lang.StringCoding::implEncodeAsciiArray (47 bytes)
Event: 38.016 Thread 0x000002d6dc856200 nmethod 11518 0x000002d6c66a6b10 code [0x000002d6c66a6ca0, 0x000002d6c66a6e58]
Event: 38.016 Thread 0x000002d6dc856200 11519 %     3       java.lang.StringCoding::implEncodeAsciiArray @ 3 (47 bytes)
Event: 38.016 Thread 0x000002d6dc856200 nmethod 11519% 0x000002d6c66a7010 code [0x000002d6c66a71c0, 0x000002d6c66a74b8]
Event: 38.016 Thread 0x000002d6dc856200 11520       3       java.lang.StringCoding::implEncodeAsciiArray (47 bytes)
Event: 38.017 Thread 0x000002d6dc856200 nmethod 11520 0x000002d6c66a7610 code [0x000002d6c66a77c0, 0x000002d6c66a7a18]
Event: 38.095 Thread 0x000002d6dc856200 11521 %     3       sun.nio.cs.UTF_8$Encoder::encodeArrayLoopSlow @ 0 (377 bytes)
Event: 38.096 Thread 0x000002d6dc856200 nmethod 11521% 0x000002d6c66a7b90 code [0x000002d6c66a7fe0, 0x000002d6c66aa388]
Event: 38.107 Thread 0x000002d6dc856200 11522       3       sun.nio.cs.UTF_8$Encoder::encodeArrayLoopSlow (377 bytes)
Event: 39.098 Thread 0x000002d6dc856200 nmethod 11522 0x000002d6c66aac90 code [0x000002d6c66ab120, 0x000002d6c66ad5e8]
Event: 39.244 Thread 0x000002d6dc856200 11525       2       java.lang.invoke.ClassSpecializer$SpeciesData::getterFunction (78 bytes)
Event: 39.245 Thread 0x000002d6dc856200 nmethod 11525 0x000002d6c66ae090 code [0x000002d6c66ae240, 0x000002d6c66ae3a8]
Event: 39.245 Thread 0x000002d6dc856200 11526       2       java.lang.StringBuilder::toString (35 bytes)
Event: 39.245 Thread 0x000002d6dc856200 nmethod 11526 0x000002d6c66ae490 code [0x000002d6c66ae640, 0x000002d6c66ae7f8]
Event: 39.245 Thread 0x000002d6dc856200 11527       2       java.lang.invoke.LambdaForm$Name::withConstraint (20 bytes)
Event: 39.245 Thread 0x000002d6dc856200 nmethod 11527 0x000002d6c66ae890 code [0x000002d6c66aea40, 0x000002d6c66aec08]
Event: 39.248 Thread 0x000002d6dc856200 11528       1       java.io.ObjectStreamField::getOffset (5 bytes)
Event: 39.248 Thread 0x000002d6dc856200 nmethod 11528 0x000002d6cd2adb90 code [0x000002d6cd2add20, 0x000002d6cd2addf8]
Event: 39.248 Thread 0x000002d6dc856200 11529       2       java.io.ObjectStreamField::getClassSignature (27 bytes)
Event: 39.248 Thread 0x000002d6dc856200 nmethod 11529 0x000002d6c66aed10 code [0x000002d6c66aef00, 0x000002d6c66af188]

GC Heap History (20 events):
Event: 28.375 GC heap after
{Heap after GC invocations=37 (full 0):
 garbage-first heap   total 133120K, used 71408K [0x0000000080000000, 0x0000000100000000)
  region size 1024K, 3 young (3072K), 3 survivors (3072K)
 Metaspace       used 83381K, committed 83968K, reserved 1122304K
  class space    used 11363K, committed 11648K, reserved 1048576K
}
Event: 29.179 GC heap before
{Heap before GC invocations=38 (full 0):
 garbage-first heap   total 133120K, used 108272K [0x0000000080000000, 0x0000000100000000)
  region size 1024K, 39 young (39936K), 3 survivors (3072K)
 Metaspace       used 86712K, committed 87360K, reserved 1130496K
  class space    used 11851K, committed 12160K, reserved 1048576K
}
Event: 29.187 GC heap after
{Heap after GC invocations=39 (full 0):
 garbage-first heap   total 133120K, used 74458K [0x0000000080000000, 0x0000000100000000)
  region size 1024K, 5 young (5120K), 5 survivors (5120K)
 Metaspace       used 86712K, committed 87360K, reserved 1130496K
  class space    used 11851K, committed 12160K, reserved 1048576K
}
Event: 29.199 GC heap before
{Heap before GC invocations=39 (full 0):
 garbage-first heap   total 133120K, used 75482K [0x0000000080000000, 0x0000000100000000)
  region size 1024K, 6 young (6144K), 5 survivors (5120K)
 Metaspace       used 86765K, committed 87360K, reserved 1130496K
  class space    used 11858K, committed 12160K, reserved 1048576K
}
Event: 29.206 GC heap after
{Heap after GC invocations=40 (full 0):
 garbage-first heap   total 159744K, used 74776K [0x0000000080000000, 0x0000000100000000)
  region size 1024K, 1 young (1024K), 1 survivors (1024K)
 Metaspace       used 86765K, committed 87360K, reserved 1130496K
  class space    used 11858K, committed 12160K, reserved 1048576K
}
Event: 31.151 GC heap before
{Heap before GC invocations=40 (full 0):
 garbage-first heap   total 159744K, used 128024K [0x0000000080000000, 0x0000000100000000)
  region size 1024K, 53 young (54272K), 1 survivors (1024K)
 Metaspace       used 92871K, committed 93504K, reserved 1130496K
  class space    used 12727K, committed 12992K, reserved 1048576K
}
Event: 31.156 GC heap after
{Heap after GC invocations=41 (full 0):
 garbage-first heap   total 159744K, used 78419K [0x0000000080000000, 0x0000000100000000)
  region size 1024K, 5 young (5120K), 5 survivors (5120K)
 Metaspace       used 92871K, committed 93504K, reserved 1130496K
  class space    used 12727K, committed 12992K, reserved 1048576K
}
Event: 31.599 GC heap before
{Heap before GC invocations=42 (full 0):
 garbage-first heap   total 159744K, used 128595K [0x0000000080000000, 0x0000000100000000)
  region size 1024K, 54 young (55296K), 5 survivors (5120K)
 Metaspace       used 93656K, committed 94272K, reserved 1130496K
  class space    used 12819K, committed 13120K, reserved 1048576K
}
Event: 31.611 GC heap after
{Heap after GC invocations=43 (full 0):
 garbage-first heap   total 159744K, used 85672K [0x0000000080000000, 0x0000000100000000)
  region size 1024K, 7 young (7168K), 7 survivors (7168K)
 Metaspace       used 93656K, committed 94272K, reserved 1130496K
  class space    used 12819K, committed 13120K, reserved 1048576K
}
Event: 31.619 GC heap before
{Heap before GC invocations=43 (full 0):
 garbage-first heap   total 159744K, used 86696K [0x0000000080000000, 0x0000000100000000)
  region size 1024K, 8 young (8192K), 7 survivors (7168K)
 Metaspace       used 93656K, committed 94272K, reserved 1130496K
  class space    used 12819K, committed 13120K, reserved 1048576K
}
Event: 31.626 GC heap after
{Heap after GC invocations=44 (full 0):
 garbage-first heap   total 159744K, used 86549K [0x0000000080000000, 0x0000000100000000)
  region size 1024K, 1 young (1024K), 1 survivors (1024K)
 Metaspace       used 93656K, committed 94272K, reserved 1130496K
  class space    used 12819K, committed 13120K, reserved 1048576K
}
Event: 33.554 GC heap before
{Heap before GC invocations=44 (full 0):
 garbage-first heap   total 159744K, used 128533K [0x0000000080000000, 0x0000000100000000)
  region size 1024K, 42 young (43008K), 1 survivors (1024K)
 Metaspace       used 95339K, committed 96000K, reserved 1138688K
  class space    used 13122K, committed 13440K, reserved 1048576K
}
Event: 33.560 GC heap after
{Heap after GC invocations=45 (full 0):
 garbage-first heap   total 159744K, used 89448K [0x0000000080000000, 0x0000000100000000)
  region size 1024K, 4 young (4096K), 4 survivors (4096K)
 Metaspace       used 95339K, committed 96000K, reserved 1138688K
  class space    used 13122K, committed 13440K, reserved 1048576K
}
Event: 34.588 GC heap before
{Heap before GC invocations=45 (full 0):
 garbage-first heap   total 159744K, used 116072K [0x0000000080000000, 0x0000000100000000)
  region size 1024K, 32 young (32768K), 4 survivors (4096K)
 Metaspace       used 95850K, committed 96576K, reserved 1138688K
  class space    used 13184K, committed 13504K, reserved 1048576K
}
Event: 34.592 GC heap after
{Heap after GC invocations=46 (full 0):
 garbage-first heap   total 159744K, used 92489K [0x0000000080000000, 0x0000000100000000)
  region size 1024K, 3 young (3072K), 3 survivors (3072K)
 Metaspace       used 95850K, committed 96576K, reserved 1138688K
  class space    used 13184K, committed 13504K, reserved 1048576K
}
Event: 37.068 GC heap before
{Heap before GC invocations=47 (full 0):
 garbage-first heap   total 159744K, used 133449K [0x0000000080000000, 0x0000000100000000)
  region size 1024K, 41 young (41984K), 3 survivors (3072K)
 Metaspace       used 99438K, committed 100160K, reserved 1138688K
  class space    used 13595K, committed 13952K, reserved 1048576K
}
Event: 37.079 GC heap after
{Heap after GC invocations=48 (full 0):
 garbage-first heap   total 159744K, used 106659K [0x0000000080000000, 0x0000000100000000)
  region size 1024K, 6 young (6144K), 6 survivors (6144K)
 Metaspace       used 99438K, committed 100160K, reserved 1138688K
  class space    used 13595K, committed 13952K, reserved 1048576K
}
Event: 37.296 GC heap before
{Heap before GC invocations=48 (full 0):
 garbage-first heap   total 159744K, used 107683K [0x0000000080000000, 0x0000000100000000)
  region size 1024K, 7 young (7168K), 6 survivors (6144K)
 Metaspace       used 99505K, committed 100160K, reserved 1138688K
  class space    used 13600K, committed 13952K, reserved 1048576K
}
Event: 37.303 GC heap after
{Heap after GC invocations=49 (full 0):
 garbage-first heap   total 159744K, used 107909K [0x0000000080000000, 0x0000000100000000)
  region size 1024K, 1 young (1024K), 1 survivors (1024K)
 Metaspace       used 99505K, committed 100160K, reserved 1138688K
  class space    used 13600K, committed 13952K, reserved 1048576K
}
Event: 39.316 GC heap before
{Heap before GC invocations=49 (full 0):
 garbage-first heap   total 159744K, used 143749K [0x0000000080000000, 0x0000000100000000)
  region size 1024K, 20 young (20480K), 1 survivors (1024K)
 Metaspace       used 100016K, committed 100736K, reserved 1138688K
  class space    used 13648K, committed 14016K, reserved 1048576K
}

Dll operation events (2 events):
Event: 1.970 Loaded shared library E:\Program Files\Android\Android Studio\jbr\bin\java.dll
Event: 7.290 Loaded shared library E:\Program Files\Android\Android Studio\jbr\bin\verify.dll

Deoptimization events (20 events):
Event: 38.002 Thread 0x000002d6e4f27680 DEOPT PACKING pc=0x000002d6ccf26e20 sp=0x000000fe1edfabd0
Event: 38.002 Thread 0x000002d6e4f27680 DEOPT UNPACKING pc=0x000002d6cc9769a3 sp=0x000000fe1edfab50 mode 2
Event: 38.009 Thread 0x000002d6e4f27680 Uncommon trap: trap_request=0xffffff45 fr.pc=0x000002d6cced2904 relative=0x0000000000000264
Event: 38.009 Thread 0x000002d6e4f27680 Uncommon trap: reason=unstable_if action=reinterpret pc=0x000002d6cced2904 method=java.lang.String.getChars(II[CI)V @ 23 c2
Event: 38.009 Thread 0x000002d6e4f27680 DEOPT PACKING pc=0x000002d6cced2904 sp=0x000000fe1edfab10
Event: 38.009 Thread 0x000002d6e4f27680 DEOPT UNPACKING pc=0x000002d6cc9769a3 sp=0x000000fe1edfaad0 mode 2
Event: 38.015 Thread 0x000002d6e4f27680 Uncommon trap: trap_request=0xffffff45 fr.pc=0x000002d6ccf9fa10 relative=0x0000000000000390
Event: 38.015 Thread 0x000002d6e4f27680 Uncommon trap: reason=unstable_if action=reinterpret pc=0x000002d6ccf9fa10 method=java.lang.StringCoding.implEncodeAsciiArray([CI[BII)I @ 23 c2
Event: 38.015 Thread 0x000002d6e4f27680 DEOPT PACKING pc=0x000002d6ccf9fa10 sp=0x000000fe1edfa770
Event: 38.015 Thread 0x000002d6e4f27680 DEOPT UNPACKING pc=0x000002d6cc9769a3 sp=0x000000fe1edfa6f0 mode 2
Event: 38.016 Thread 0x000002d6e4f27680 DEOPT PACKING pc=0x000002d6c66a6dcc sp=0x000000fe1edfa780
Event: 38.016 Thread 0x000002d6e4f27680 DEOPT UNPACKING pc=0x000002d6cc977143 sp=0x000000fe1edf9bf0 mode 0
Event: 38.016 Thread 0x000002d6e4f27680 DEOPT PACKING pc=0x000002d6c66a6dcc sp=0x000000fe1edfa780
Event: 38.016 Thread 0x000002d6e4f27680 DEOPT UNPACKING pc=0x000002d6cc977143 sp=0x000000fe1edf9bf0 mode 0
Event: 38.017 Thread 0x000002d6e4f27680 DEOPT PACKING pc=0x000002d6c66a6dcc sp=0x000000fe1edfa780
Event: 38.017 Thread 0x000002d6e4f27680 DEOPT UNPACKING pc=0x000002d6cc977143 sp=0x000000fe1edf9bf0 mode 0
Event: 39.248 Thread 0x000002d6e4f27680 Uncommon trap: trap_request=0xffffff76 fr.pc=0x000002d6cd42dc30 relative=0x0000000000000090
Event: 39.248 Thread 0x000002d6e4f27680 Uncommon trap: reason=predicate action=maybe_recompile pc=0x000002d6cd42dc30 method=java.util.TimSort.binarySort([Ljava/lang/Object;IIILjava/util/Comparator;)V @ 34 c2
Event: 39.248 Thread 0x000002d6e4f27680 DEOPT PACKING pc=0x000002d6cd42dc30 sp=0x000000fe1edf9980
Event: 39.248 Thread 0x000002d6e4f27680 DEOPT UNPACKING pc=0x000002d6cc9769a3 sp=0x000000fe1edf9930 mode 2

Classes unloaded (0 events):
No events

Classes redefined (0 events):
No events

Internal exceptions (20 events):
Event: 31.787 Thread 0x000002d6ddba55a0 Exception <a 'java/lang/NoSuchMethodError'{0x00000000891a04d8}: static Lorg/gradle/internal/build/event/types/DefaultTaskDescriptor;.<clinit>()V> (0x00000000891a04d8) 
thrown [s\src\hotspot\share\prims\jni.cpp, line 1108]
Event: 32.496 Thread 0x000002d6ddba55a0 Exception <a 'java/lang/NoSuchMethodError'{0x0000000088f33b80}: static Lorg/gradle/internal/build/event/types/DefaultTaskFinishedProgressEvent;.<clinit>()V> (0x0000000088f33b80) 
thrown [s\src\hotspot\share\prims\jni.cpp, line 1108]
Event: 32.498 Thread 0x000002d6ddba55a0 Exception <a 'java/lang/NoSuchMethodError'{0x0000000088f48978}: static Lorg/gradle/internal/build/event/types/DefaultTaskSuccessResult;.<clinit>()V> (0x0000000088f48978) 
thrown [s\src\hotspot\share\prims\jni.cpp, line 1108]
Event: 32.498 Thread 0x000002d6ddba55a0 Exception <a 'java/lang/NoSuchMethodError'{0x0000000088f4a080}: static Lorg/gradle/internal/build/event/types/AbstractTaskResult;.<clinit>()V> (0x0000000088f4a080) 
thrown [s\src\hotspot\share\prims\jni.cpp, line 1108]
Event: 32.511 Thread 0x000002d6e4f28020 Exception <a 'java/lang/NoSuchMethodError'{0x0000000088e48f10}: static Lcom/android/buildanalyzer/common/AndroidGradlePluginAttributionData$BuildInfo;.<clinit>()V> (0x0000000088e48f10) 
thrown [s\src\hotspot\share\prims\jni.cpp, line 1108]
Event: 32.512 Thread 0x000002d6e4f28020 Exception <a 'java/lang/NoSuchMethodError'{0x0000000088e749e0}: static Lcom/android/buildanalyzer/common/AndroidGradlePluginAttributionData$JavaInfo;.<clinit>()V> (0x0000000088e749e0) 
thrown [s\src\hotspot\share\prims\jni.cpp, line 1108]
Event: 32.514 Thread 0x000002d6e4f28020 Exception <a 'java/lang/NoSuchMethodError'{0x0000000088e9b390}: static [Ljava/lang/String;.<clinit>()V> (0x0000000088e9b390) 
thrown [s\src\hotspot\share\prims\jni.cpp, line 1108]
Event: 32.514 Thread 0x000002d6e4f28020 Exception <a 'java/lang/NoSuchMethodError'{0x0000000088ebc060}: static Lcom/android/buildanalyzer/common/AndroidGradlePluginAttributionData$TaskInfo;.<clinit>()V> (0x0000000088ebc060) 
thrown [s\src\hotspot\share\prims\jni.cpp, line 1108]
Event: 32.515 Thread 0x000002d6e4f28020 Exception <a 'java/lang/NoSuchMethodError'{0x0000000088ec89b0}: static Lcom/android/buildanalyzer/common/AndroidGradlePluginAttributionData$TaskCategoryInfo;.<clinit>()V> (0x0000000088ec89b0) 
thrown [s\src\hotspot\share\prims\jni.cpp, line 1108]
Event: 32.534 Thread 0x000002d6e4f289c0 Exception <a 'sun/nio/fs/WindowsException'{0x0000000088f87bb8}> (0x0000000088f87bb8) 
thrown [s\src\hotspot\share\prims\jni.cpp, line 517]
Event: 32.541 Thread 0x000002d6ddba55a0 Exception <a 'java/lang/NoSuchMethodError'{0x0000000088dcd140}: static Lorg/gradle/internal/build/event/types/DefaultTaskSkippedResult;.<clinit>()V> (0x0000000088dcd140) 
thrown [s\src\hotspot\share\prims\jni.cpp, line 1108]
Event: 33.020 Thread 0x000002d6e4f27680 Exception <a 'java/lang/NoSuchMethodError'{0x00000000888ca8b8}: 'void java.lang.invoke.DirectMethodHandle$Holder.invokeStatic(java.lang.Object, java.lang.Object, java.lang.Object, java.lang.Object, int, java.lang.Object, java.lang.Object)'> (0x00000000888ca8b8) 
thrown [s\src\hotspot\share\interpreter\linkResolver.cpp, line 771]
Event: 33.041 Thread 0x000002d6e101af00 Exception <a 'java/lang/NoSuchMethodError'{0x00000000884e6940}: 'java.lang.Object java.lang.invoke.DirectMethodHandle$Holder.invokeSpecialIFC(java.lang.Object, java.lang.Object, java.lang.Object)'> (0x00000000884e6940) 
thrown [s\src\hotspot\share\interpreter\linkResolver.cpp, line 771]
Event: 33.899 Thread 0x000002d6e2214270 Exception <a 'java/lang/NoSuchMethodError'{0x0000000089809898}: 'void java.lang.invoke.DirectMethodHandle$Holder.invokeVirtual(java.lang.Object, java.lang.Object)'> (0x0000000089809898) 
thrown [s\src\hotspot\share\interpreter\linkResolver.cpp, line 771]
Event: 33.905 Thread 0x000002d6e4f23320 Exception <a 'java/lang/NoSuchMethodError'{0x000000008936d348}: static Lorg/jetbrains/kotlin/gradle/plugin/statistics/MetricContainer;.<clinit>()V> (0x000000008936d348) 
thrown [s\src\hotspot\share\prims\jni.cpp, line 1108]
Event: 34.714 Thread 0x000002d6e4f27680 Exception <a 'sun/nio/fs/WindowsException'{0x0000000089b82fa8}> (0x0000000089b82fa8) 
thrown [s\src\hotspot\share\prims\jni.cpp, line 517]
Event: 34.714 Thread 0x000002d6e4f27680 Exception <a 'sun/nio/fs/WindowsException'{0x0000000089b83330}> (0x0000000089b83330) 
thrown [s\src\hotspot\share\prims\jni.cpp, line 517]
Event: 34.796 Thread 0x000002d6ddba55a0 Exception <a 'java/lang/NoSuchMethodError'{0x00000000898b9240}: static [Ljava/lang/Object;.<clinit>()V> (0x00000000898b9240) 
thrown [s\src\hotspot\share\prims\jni.cpp, line 1108]
Event: 37.912 Thread 0x000002d6e4f27680 Implicit null exception at 0x000002d6cd48d560 to 0x000002d6cd48d62c
Event: 39.248 Thread 0x000002d6e4f27680 Exception <a 'java/lang/NoSuchMethodError'{0x00000000888c6ab0}: static Lcom/android/ide/common/resources/CompileResourceRequest;.<clinit>()V> (0x00000000888c6ab0) 
thrown [s\src\hotspot\share\prims\jni.cpp, line 1108]

VM Operations (20 events):
Event: 34.791 Executing VM operation: HandshakeAllThreads done
Event: 34.793 Executing VM operation: HandshakeAllThreads
Event: 34.793 Executing VM operation: HandshakeAllThreads done
Event: 35.801 Executing VM operation: Cleanup
Event: 35.801 Executing VM operation: Cleanup done
Event: 36.074 Executing VM operation: HandshakeAllThreads
Event: 36.074 Executing VM operation: HandshakeAllThreads done
Event: 36.643 Executing VM operation: HandshakeAllThreads
Event: 36.643 Executing VM operation: HandshakeAllThreads done
Event: 37.067 Executing VM operation: G1CollectForAllocation
Event: 37.079 Executing VM operation: G1CollectForAllocation done
Event: 37.296 Executing VM operation: G1CollectForAllocation
Event: 37.303 Executing VM operation: G1CollectForAllocation done
Event: 37.408 Executing VM operation: HandshakeAllThreads
Event: 37.408 Executing VM operation: HandshakeAllThreads done
Event: 37.992 Executing VM operation: HandshakeAllThreads
Event: 37.992 Executing VM operation: HandshakeAllThreads done
Event: 39.005 Executing VM operation: Cleanup
Event: 39.098 Executing VM operation: Cleanup done
Event: 39.316 Executing VM operation: G1CollectForAllocation

Events (20 events):
Event: 35.980 loading class org/w3c/dom/events/MutationEvent
Event: 35.980 loading class org/w3c/dom/events/MutationEvent done
Event: 35.981 loading class org/w3c/dom/ranges/Range
Event: 35.981 loading class org/w3c/dom/ranges/Range done
Event: 35.981 loading class org/w3c/dom/events/EventException
Event: 35.981 loading class org/w3c/dom/events/EventException done
Event: 36.003 Thread 0x000002d6df874ea0 Thread added: 0x000002d6df874ea0
Event: 36.434 Thread 0x000002d6df874ea0 Thread exited: 0x000002d6df874ea0
Event: 36.646 loading class java/util/stream/Nodes$IntFixedNodeBuilder
Event: 36.646 loading class java/util/stream/Node$Builder$OfInt
Event: 36.646 loading class java/util/stream/Node$Builder$OfInt done
Event: 36.646 loading class java/util/stream/Nodes$IntArrayNode
Event: 36.646 loading class java/util/stream/Nodes$IntArrayNode done
Event: 36.646 loading class java/util/stream/Nodes$IntFixedNodeBuilder done
Event: 37.152 loading class java/util/concurrent/ConcurrentLinkedDeque
Event: 37.165 loading class java/util/concurrent/ConcurrentLinkedDeque done
Event: 37.165 loading class java/util/concurrent/ConcurrentLinkedDeque$Node
Event: 37.165 loading class java/util/concurrent/ConcurrentLinkedDeque$Node done
Event: 37.993 Thread 0x000002d6dc859320 flushing nmethod 0x000002d6cd1b2890
Event: 37.993 Thread 0x000002d6dc859320 flushing nmethod 0x000002d6cd2adb90


Dynamic libraries:
0x00007ff6968d0000 - 0x00007ff6968da000 	E:\Program Files\Android\Android Studio\jbr\bin\java.exe
0x00007ffa818f0000 - 0x00007ffa81ae8000 	C:\Windows\SYSTEM32\ntdll.dll
0x00007ffa7fa60000 - 0x00007ffa7fb1d000 	C:\Windows\System32\KERNEL32.DLL
0x00007ffa7f0d0000 - 0x00007ffa7f3c6000 	C:\Windows\System32\KERNELBASE.dll
0x00007ffa7f780000 - 0x00007ffa7f880000 	C:\Windows\System32\ucrtbase.dll
0x00007ffa77120000 - 0x00007ffa7713b000 	E:\Program Files\Android\Android Studio\jbr\bin\VCRUNTIME140.dll
0x00007ffa57ee0000 - 0x00007ffa57ef7000 	E:\Program Files\Android\Android Studio\jbr\bin\jli.dll
0x00007ffa80be0000 - 0x00007ffa80d7e000 	C:\Windows\System32\USER32.dll
0x00007ffa7f5f0000 - 0x00007ffa7f612000 	C:\Windows\System32\win32u.dll
0x00007ffa73950000 - 0x00007ffa73bea000 	C:\Windows\WinSxS\amd64_microsoft.windows.common-controls_6595b64144ccf1df_6.0.19041.1110_none_60b5254171f9507e\COMCTL32.dll
0x00007ffa80830000 - 0x00007ffa8085c000 	C:\Windows\System32\GDI32.dll
0x00007ffa80960000 - 0x00007ffa809fe000 	C:\Windows\System32\msvcrt.dll
0x00007ffa7f480000 - 0x00007ffa7f59a000 	C:\Windows\System32\gdi32full.dll
0x00007ffa7f8b0000 - 0x00007ffa7f94d000 	C:\Windows\System32\msvcp_win.dll
0x00007ffa7fa30000 - 0x00007ffa7fa60000 	C:\Windows\System32\IMM32.DLL
0x00007ffa77570000 - 0x00007ffa7757c000 	E:\Program Files\Android\Android Studio\jbr\bin\vcruntime140_1.dll
0x00007ffa599a0000 - 0x00007ffa59a2d000 	E:\Program Files\Android\Android Studio\jbr\bin\msvcp140.dll
0x00007ffa33ea0000 - 0x00007ffa34b0e000 	E:\Program Files\Android\Android Studio\jbr\bin\server\jvm.dll
0x00007ffa7fbd0000 - 0x00007ffa7fc7e000 	C:\Windows\System32\ADVAPI32.dll
0x00007ffa7fe90000 - 0x00007ffa7ff2c000 	C:\Windows\System32\sechost.dll
0x00007ffa80ab0000 - 0x00007ffa80bd6000 	C:\Windows\System32\RPCRT4.dll
0x00007ffa77f80000 - 0x00007ffa77f8a000 	C:\Windows\SYSTEM32\VERSION.dll
0x00007ffa71460000 - 0x00007ffa71487000 	C:\Windows\SYSTEM32\WINMM.dll
0x00007ffa70510000 - 0x00007ffa70519000 	C:\Windows\SYSTEM32\WSOCK32.dll
0x00007ffa80860000 - 0x00007ffa808cb000 	C:\Windows\System32\WS2_32.dll
0x00007ffa7d840000 - 0x00007ffa7d852000 	C:\Windows\SYSTEM32\kernel.appcore.dll
0x00007ffa77560000 - 0x00007ffa7756a000 	E:\Program Files\Android\Android Studio\jbr\bin\jimage.dll
0x00007ffa7cd50000 - 0x00007ffa7cf34000 	C:\Windows\SYSTEM32\DBGHELP.DLL
0x00007ffa71020000 - 0x00007ffa71054000 	C:\Windows\SYSTEM32\dbgcore.DLL
0x00007ffa7efd0000 - 0x00007ffa7f052000 	C:\Windows\System32\bcryptPrimitives.dll
0x00007ffa582b0000 - 0x00007ffa582d5000 	E:\Program Files\Android\Android Studio\jbr\bin\java.dll
0x00007ffa585c0000 - 0x00007ffa585d8000 	E:\Program Files\Android\Android Studio\jbr\bin\zip.dll
0x00007ffa80e40000 - 0x00007ffa81585000 	C:\Windows\System32\SHELL32.dll
0x00007ffa7d040000 - 0x00007ffa7d7db000 	C:\Windows\SYSTEM32\windows.storage.dll
0x00007ffa7ff30000 - 0x00007ffa80284000 	C:\Windows\System32\combase.dll
0x00007ffa7ea10000 - 0x00007ffa7ea3e000 	C:\Windows\SYSTEM32\Wldp.dll
0x00007ffa80a00000 - 0x00007ffa80aad000 	C:\Windows\System32\SHCORE.dll
0x00007ffa80de0000 - 0x00007ffa80e35000 	C:\Windows\System32\shlwapi.dll
0x00007ffa7ef00000 - 0x00007ffa7ef25000 	C:\Windows\SYSTEM32\profapi.dll
0x00007ffa58290000 - 0x00007ffa582a9000 	E:\Program Files\Android\Android Studio\jbr\bin\net.dll
0x00007ffa76a20000 - 0x00007ffa76b2a000 	C:\Windows\SYSTEM32\WINHTTP.dll
0x00007ffa7e770000 - 0x00007ffa7e7da000 	C:\Windows\system32\mswsock.dll
0x00007ffa58270000 - 0x00007ffa58286000 	E:\Program Files\Android\Android Studio\jbr\bin\nio.dll
0x00007ffa627e0000 - 0x00007ffa627f0000 	E:\Program Files\Android\Android Studio\jbr\bin\verify.dll
0x00007ffa627b0000 - 0x00007ffa627d7000 	C:\Users\Gabriel Xavier\.gradle\native\68d5fa5c4cc2d200863cafc0d521ce42e7d3e7ee720ec0a83991735586a16f82\windows-amd64\native-platform.dll
0x00007ffa53300000 - 0x00007ffa53444000 	C:\Users\Gabriel Xavier\.gradle\native\e376f236ea51e6404a007f0833ffe2c6e607c4080706a723a18a27aeea778392\windows-amd64\native-platform-file-events.dll
0x00007ffa5d930000 - 0x00007ffa5d939000 	E:\Program Files\Android\Android Studio\jbr\bin\management.dll
0x00007ffa5d650000 - 0x00007ffa5d65b000 	E:\Program Files\Android\Android Studio\jbr\bin\management_ext.dll
0x00007ffa816f0000 - 0x00007ffa816f8000 	C:\Windows\System32\PSAPI.DLL
0x00007ffa7e960000 - 0x00007ffa7e978000 	C:\Windows\SYSTEM32\CRYPTSP.dll
0x00007ffa7e010000 - 0x00007ffa7e044000 	C:\Windows\system32\rsaenh.dll
0x00007ffa7f880000 - 0x00007ffa7f8a7000 	C:\Windows\System32\bcrypt.dll
0x00007ffa7eec0000 - 0x00007ffa7eeee000 	C:\Windows\SYSTEM32\USERENV.dll
0x00007ffa7e980000 - 0x00007ffa7e98c000 	C:\Windows\SYSTEM32\CRYPTBASE.dll
0x00007ffa7e410000 - 0x00007ffa7e44b000 	C:\Windows\SYSTEM32\IPHLPAPI.DLL
0x00007ffa815b0000 - 0x00007ffa815b8000 	C:\Windows\System32\NSI.dll
0x00007ffa78140000 - 0x00007ffa78157000 	C:\Windows\SYSTEM32\dhcpcsvc6.DLL
0x00007ffa78120000 - 0x00007ffa7813d000 	C:\Windows\SYSTEM32\dhcpcsvc.DLL
0x00007ffa7e450000 - 0x00007ffa7e51a000 	C:\Windows\SYSTEM32\DNSAPI.dll
0x00007ffa62770000 - 0x00007ffa62777000 	C:\Windows\system32\wshunix.dll
0x00007ffa67a70000 - 0x00007ffa67a87000 	C:\Windows\system32\napinsp.dll
0x00007ffa5ddc0000 - 0x00007ffa5dddb000 	C:\Windows\system32\pnrpnsp.dll
0x00007ffa5dda0000 - 0x00007ffa5ddb5000 	C:\Windows\system32\wshbth.dll
0x00007ffa7a4a0000 - 0x00007ffa7a4bd000 	C:\Windows\system32\NLAapi.dll
0x00007ffa5dd80000 - 0x00007ffa5dd92000 	C:\Windows\System32\winrnr.dll
0x00007ffa76b30000 - 0x00007ffa76b3a000 	C:\Windows\System32\rasadhlp.dll
0x00007ffa75fc0000 - 0x00007ffa76042000 	C:\Windows\System32\fwpuclnt.dll

dbghelp: loaded successfully - version: 4.0.5 - missing functions: none
symbol engine: initialized successfully - sym options: 0x614 - pdb path: .;E:\Program Files\Android\Android Studio\jbr\bin;C:\Windows\SYSTEM32;C:\Windows\WinSxS\amd64_microsoft.windows.common-controls_6595b64144ccf1df_6.0.19041.1110_none_60b5254171f9507e;E:\Program Files\Android\Android Studio\jbr\bin\server;C:\Users\Gabriel Xavier\.gradle\native\68d5fa5c4cc2d200863cafc0d521ce42e7d3e7ee720ec0a83991735586a16f82\windows-amd64;C:\Users\Gabriel Xavier\.gradle\native\e376f236ea51e6404a007f0833ffe2c6e607c4080706a723a18a27aeea778392\windows-amd64

VM Arguments:
jvm_args: --add-opens=java.base/java.util=ALL-UNNAMED --add-opens=java.base/java.lang=ALL-UNNAMED --add-opens=java.base/java.lang.invoke=ALL-UNNAMED --add-opens=java.prefs/java.util.prefs=ALL-UNNAMED --add-opens=java.base/java.nio.charset=ALL-UNNAMED --add-opens=java.base/java.net=ALL-UNNAMED --add-opens=java.base/java.util.concurrent.atomic=ALL-UNNAMED -Xmx2048m -Dfile.encoding=UTF-8 -Duser.country=BR -Duser.language=pt -Duser.variant 
java_command: org.gradle.launcher.daemon.bootstrap.GradleDaemon 8.0
java_class_path (initial): C:\Users\Gabriel Xavier\.gradle\wrapper\dists\gradle-8.0-bin\ca5e32bp14vu59qr306oxotwh\gradle-8.0\lib\gradle-launcher-8.0.jar
Launcher Type: SUN_STANDARD

[Global flags]
     intx CICompilerCount                          = 4                                         {product} {ergonomic}
     uint ConcGCThreads                            = 2                                         {product} {ergonomic}
     uint G1ConcRefinementThreads                  = 8                                         {product} {ergonomic}
   size_t G1HeapRegionSize                         = 1048576                                   {product} {ergonomic}
    uintx GCDrainStackTargetSize                   = 64                                        {product} {ergonomic}
   size_t InitialHeapSize                          = 132120576                                 {product} {ergonomic}
   size_t MarkStackSize                            = 4194304                                   {product} {ergonomic}
   size_t MaxHeapSize                              = 2147483648                                {product} {command line}
   size_t MaxNewSize                               = 1287651328                                {product} {ergonomic}
   size_t MinHeapDeltaBytes                        = 1048576                                   {product} {ergonomic}
   size_t MinHeapSize                              = 8388608                                   {product} {ergonomic}
    uintx NonNMethodCodeHeapSize                   = 5839372                                {pd product} {ergonomic}
    uintx NonProfiledCodeHeapSize                  = 122909434                              {pd product} {ergonomic}
    uintx ProfiledCodeHeapSize                     = 122909434                              {pd product} {ergonomic}
    uintx ReservedCodeCacheSize                    = 251658240                              {pd product} {ergonomic}
     bool SegmentedCodeCache                       = true                                      {product} {ergonomic}
   size_t SoftMaxHeapSize                          = 2147483648                             {manageable} {ergonomic}
     bool UseCompressedClassPointers               = true                           {product lp64_product} {ergonomic}
     bool UseCompressedOops                        = true                           {product lp64_product} {ergonomic}
     bool UseG1GC                                  = true                                      {product} {ergonomic}
     bool UseLargePagesIndividualAllocation        = false                                  {pd product} {ergonomic}

Logging:
Log output configuration:
 #0: stdout all=warning uptime,level,tags
 #1: stderr all=off uptime,level,tags

Environment Variables:
JAVA_HOME=C:\Program Files\Java\zulu17.44.15-ca-jdk17.0.8-win_x64
PATH=C:\Program Files\Eclipse Adoptium\jdk-17.0.8.101-hotspot\bin;C:\Program Files\Java\zulu17.44.15-ca-jdk17.0.8-win_x64\bin;C:\Python311\Scripts\;C:\Python311\;C:\Program Files (x86)\Common Files\Oracle\Java\javapath;C:\Windows\system32;C:\Windows;C:\Windows\System32\Wbem;C:\Windows\System32\WindowsPowerShell\v1.0\;C:\Windows\System32\OpenSSH\;C:\Program Files\Microsoft SQL Server\Client SDK\ODBC\170\Tools\Binn\;E:\Program Files (x86)\Microsoft SQL Server\150\Tools\Binn\;C:\Program Files\Microsoft SQL Server\150\Tools\Binn\;C:\Program Files\Microsoft SQL Server\150\DTS\Binn\;E:\Program Files (x86)\Microsoft SQL Server\150\DTS\Binn\;C:\Program Files\Azure Data Studio\bin;C:\ProgramData\chocolatey\bin;C:\Program Files (x86)\Yarn\bin\;E:\nodejs\;E:\Program Files\Git\cmd;C:\Program Files\MySQL\MySQL Shell 8.0\bin\;C:\Users\Gabriel Xavier\AppData\Local\Microsoft\WindowsApps;E:\Microsoft VS Code\bin;C:\Users\Gabriel Xavier\AppData\Local\Yarn\bin;C:\Users\Gabriel Xavier\AppData\Roaming\npm
USERNAME=Gabriel Xavier
OS=Windows_NT
PROCESSOR_IDENTIFIER=Intel64 Family 6 Model 142 Stepping 10, GenuineIntel
TMP=C:\Users\GABRIE~1\AppData\Local\Temp
TEMP=C:\Users\GABRIE~1\AppData\Local\Temp


JNI global refs:
JNI global refs: 26, weak refs: 39

JNI global refs memory usage: 843, weak refs: 841


---------------  S Y S T E M  ---------------

OS:
 Windows 10 , 64 bit Build 19041 (10.0.19041.3393)
OS uptime: 17 days 17:36 hours

CPU: total 8 (initial active 8) (4 cores per cpu, 2 threads per core) family 6 model 142 stepping 10 microcode 0xd6, cx8, cmov, fxsr, ht, mmx, 3dnowpref, sse, sse2, sse3, ssse3, sse4.1, sse4.2, popcnt, lzcnt, tsc, tscinvbit, avx, avx2, aes, erms, clmul, bmi1, bmi2, adx, fma, vzeroupper, clflush, clflushopt

Memory: 4k page, system-wide physical 8056M (76M free)
TotalPageFile size 22286M (AvailPageFile size 91M)
current process WorkingSet (physical memory assigned to process): 388M, peak: 409M
current process commit charge ("private bytes"): 459M, peak: 721M

vm_info: OpenJDK 64-Bit Server VM (17.0.6+0-b2043.56-10027231) for windows-amd64 JRE (17.0.6+0-b2043.56-10027231), built on Apr 28 2023 00:43:19 by "androidbuild" with MS VC++ 16.10 / 16.11 (VS2019)

END.
