#
# There is insufficient memory for the Java Runtime Environment to continue.
# Native memory allocation (malloc) failed to allocate 32744 bytes for ChunkPool::allocate
# Possible reasons:
#   The system is out of physical RAM or swap space
#   The process is running with CompressedOops enabled, and the Java Heap may be blocking the growth of the native heap
# Possible solutions:
#   Reduce memory load on the system
#   Increase physical memory or swap space
#   Check if swap backing store is full
#   Decrease Java heap size (-Xmx/-Xms)
#   Decrease number of Java threads
#   Decrease Java thread stack sizes (-Xss)
#   Set larger code cache with -XX:ReservedCodeCacheSize=
#   JVM is running with Unscaled Compressed Oops mode in which the Java heap is
#     placed in the first 4GB address space. The Java Heap base address is the
#     maximum limit for the native heap growth. Please use -XX:HeapBaseMinAddress
#     to set the Java Heap base and to place the Java Heap above 4GB virtual address.
# This output file may be truncated or incomplete.
#
#  Out of Memory Error (arena.cpp:78), pid=22756, tid=20084
#
# JRE version: OpenJDK Runtime Environment (17.0.6) (build 17.0.6+0-b2043.56-10027231)
# Java VM: OpenJDK 64-Bit Server VM (17.0.6+0-b2043.56-10027231, mixed mode, tiered, compressed oops, compressed class ptrs, g1 gc, windows-amd64)
# No core dump will be written. Minidumps are not enabled by default on client versions of Windows
#

---------------  S U M M A R Y ------------

Command Line: --add-opens=java.base/java.util=ALL-UNNAMED --add-opens=java.base/java.lang=ALL-UNNAMED --add-opens=java.base/java.lang.invoke=ALL-UNNAMED --add-opens=java.prefs/java.util.prefs=ALL-UNNAMED --add-opens=java.base/java.nio.charset=ALL-UNNAMED --add-opens=java.base/java.net=ALL-UNNAMED --add-opens=java.base/java.util.concurrent.atomic=ALL-UNNAMED -Xmx2048m -Dfile.encoding=UTF-8 -Duser.country=BR -Duser.language=pt -Duser.variant org.gradle.launcher.daemon.bootstrap.GradleDaemon 8.0

Host: Intel(R) Core(TM) i7-8550U CPU @ 1.80GHz, 8 cores, 7G,  Windows 10 , 64 bit Build 19041 (10.0.19041.3393)
Time: Fri Oct  6 18:48:20 2023 Hora oficial do Brasil elapsed time: 17.072495 seconds (0d 0h 0m 17s)

---------------  T H R E A D  ---------------

Current thread (0x00000254bd4612e0):  JavaThread "C1 CompilerThread0" daemon [_thread_in_vm, id=20084, stack(0x000000e4f2800000,0x000000e4f2900000)]


Current CompileTask:
C1:  17072 5879       3       java.util.jar.Manifest::read (415 bytes)

Stack: [0x000000e4f2800000,0x000000e4f2900000]
Native frames: (J=compiled Java code, j=interpreted, Vv=VM code, C=native code)
V  [jvm.dll+0x683c9a]
V  [jvm.dll+0x8427a4]
V  [jvm.dll+0x843f9e]
V  [jvm.dll+0x844603]
V  [jvm.dll+0x249b75]
V  [jvm.dll+0xabecc]
V  [jvm.dll+0xac27c]
V  [jvm.dll+0x1d5d8b]
V  [jvm.dll+0x1c3115]
V  [jvm.dll+0x22ae9d]
V  [jvm.dll+0x229159]
V  [jvm.dll+0x7f81ec]
V  [jvm.dll+0x7f274a]
V  [jvm.dll+0x682ad5]
C  [ucrtbase.dll+0x21bb2]
C  [KERNEL32.DLL+0x17344]
C  [ntdll.dll+0x526b1]


---------------  P R O C E S S  ---------------

Threads class SMR info:
_java_thread_list=0x00000254c4f33190, length=124, elements={
0x00000254a2b9b520, 0x00000254bd43c670, 0x00000254bd43d1f0, 0x00000254bd45e3b0,
0x00000254bd45ec70, 0x00000254bd45f530, 0x00000254bd45fdf0, 0x00000254bd4609e0,
0x00000254bd4612e0, 0x00000254bd463bf0, 0x00000254bd5f6be0, 0x00000254bd5f78d0,
0x00000254be9d59c0, 0x00000254bff17430, 0x00000254bef9f9c0, 0x00000254bf99cb00,
0x00000254c024ce70, 0x00000254bf9dfea0, 0x00000254bdb3c1f0, 0x00000254be56c0b0,
0x00000254bfdb8810, 0x00000254bddd9230, 0x00000254bd9c46c0, 0x00000254bd9c4b90,
0x00000254bd9c2510, 0x00000254bd9c3850, 0x00000254bd9c3d20, 0x00000254bd9c41f0,
0x00000254bd9c11d0, 0x00000254bd9c16a0, 0x00000254bd9c29e0, 0x00000254bd9c2040,
0x00000254bd9c2eb0, 0x00000254bd9c3380, 0x00000254c1306e40, 0x00000254c1305b00,
0x00000254c1300e00, 0x00000254c1300930, 0x00000254c1302fb0, 0x00000254c1307310,
0x00000254c1302ae0, 0x00000254c1302610, 0x00000254c1303480, 0x00000254c1302140,
0x00000254c1305fd0, 0x00000254c1303e20, 0x00000254c13064a0, 0x00000254c13042f0,
0x00000254c1304c90, 0x00000254c13077e0, 0x00000254c1307cb0, 0x00000254c13047c0,
0x00000254c1305160, 0x00000254c1306970, 0x00000254c5161340, 0x00000254c515c170,
0x00000254c515f660, 0x00000254c51634f0, 0x00000254c515d4b0, 0x00000254c515c640,
0x00000254c515cfe0, 0x00000254c515e320, 0x00000254c515cb10, 0x00000254c5162b50,
0x00000254c5161ce0, 0x00000254c5163020, 0x00000254c515d980, 0x00000254c5161810,
0x00000254c5160000, 0x00000254c515bca0, 0x00000254c515de50, 0x00000254c515e7f0,
0x00000254c51621b0, 0x00000254c515ecc0, 0x00000254c515fb30, 0x00000254c515f190,
0x00000254c51604d0, 0x00000254c51609a0, 0x00000254c5160e70, 0x00000254c5162680,
0x00000254c06235a0, 0x00000254c061f240, 0x00000254c061cbc0, 0x00000254c061c220,
0x00000254c061c6f0, 0x00000254c0620a50, 0x00000254c06230d0, 0x00000254c061df00,
0x00000254c061e8a0, 0x00000254c061bd50, 0x00000254c061f710, 0x00000254c06213f0,
0x00000254c06200b0, 0x00000254c0620580, 0x00000254c061d090, 0x00000254c061d560,
0x00000254c061da30, 0x00000254c061e3d0, 0x00000254c061fbe0, 0x00000254c0620f20,
0x00000254c061ed70, 0x00000254c06218c0, 0x00000254c0621d90, 0x00000254c0622260,
0x00000254c0622730, 0x00000254c0622c00, 0x00000254c5ce8a20, 0x00000254c5ce5060,
0x00000254c5ce1b70, 0x00000254c5ce63a0, 0x00000254c5ce3380, 0x00000254c5ce4b90,
0x00000254c5ce8ef0, 0x00000254c5ce6870, 0x00000254c5ce2040, 0x00000254c5ce8550,
0x00000254c5ce7210, 0x00000254c5ce2510, 0x00000254c5ce6d40, 0x00000254c5ce16a0,
0x00000254c5ce76e0, 0x00000254c5ce7bb0, 0x00000254c5ce5530, 0x00000254c5ce8080
}

Java Threads: ( => current thread )
  0x00000254a2b9b520 JavaThread "main" [_thread_blocked, id=24052, stack(0x000000e4f1a00000,0x000000e4f1b00000)]
  0x00000254bd43c670 JavaThread "Reference Handler" daemon [_thread_blocked, id=17844, stack(0x000000e4f2100000,0x000000e4f2200000)]
  0x00000254bd43d1f0 JavaThread "Finalizer" daemon [_thread_blocked, id=29572, stack(0x000000e4f2200000,0x000000e4f2300000)]
  0x00000254bd45e3b0 JavaThread "Signal Dispatcher" daemon [_thread_blocked, id=14340, stack(0x000000e4f2300000,0x000000e4f2400000)]
  0x00000254bd45ec70 JavaThread "Attach Listener" daemon [_thread_blocked, id=22164, stack(0x000000e4f2400000,0x000000e4f2500000)]
  0x00000254bd45f530 JavaThread "Service Thread" daemon [_thread_blocked, id=20048, stack(0x000000e4f2500000,0x000000e4f2600000)]
  0x00000254bd45fdf0 JavaThread "Monitor Deflation Thread" daemon [_thread_blocked, id=29908, stack(0x000000e4f2600000,0x000000e4f2700000)]
  0x00000254bd4609e0 JavaThread "C2 CompilerThread0" daemon [_thread_in_native, id=13404, stack(0x000000e4f2700000,0x000000e4f2800000)]
=>0x00000254bd4612e0 JavaThread "C1 CompilerThread0" daemon [_thread_in_vm, id=20084, stack(0x000000e4f2800000,0x000000e4f2900000)]
  0x00000254bd463bf0 JavaThread "Sweeper thread" daemon [_thread_blocked, id=27724, stack(0x000000e4f2900000,0x000000e4f2a00000)]
  0x00000254bd5f6be0 JavaThread "Common-Cleaner" daemon [_thread_blocked, id=31316, stack(0x000000e4f2a00000,0x000000e4f2b00000)]
  0x00000254bd5f78d0 JavaThread "Notification Thread" daemon [_thread_blocked, id=19780, stack(0x000000e4f2b00000,0x000000e4f2c00000)]
  0x00000254be9d59c0 JavaThread "Daemon health stats" [_thread_blocked, id=15992, stack(0x000000e4f2d00000,0x000000e4f2e00000)]
  0x00000254bff17430 JavaThread "Incoming local TCP Connector on port 59595" [_thread_in_native, id=18388, stack(0x000000e4f3200000,0x000000e4f3300000)]
  0x00000254bef9f9c0 JavaThread "Daemon periodic checks" [_thread_blocked, id=5296, stack(0x000000e4f3300000,0x000000e4f3400000)]
  0x00000254bf99cb00 JavaThread "Daemon" [_thread_blocked, id=26672, stack(0x000000e4f3400000,0x000000e4f3500000)]
  0x00000254c024ce70 JavaThread "Handler for socket connection from /127.0.0.1:59595 to /127.0.0.1:59597" [_thread_in_native, id=12492, stack(0x000000e4f3500000,0x000000e4f3600000)]
  0x00000254bf9dfea0 JavaThread "Cancel handler" [_thread_blocked, id=18292, stack(0x000000e4f3600000,0x000000e4f3700000)]
  0x00000254bdb3c1f0 JavaThread "Daemon worker" [_thread_blocked, id=10760, stack(0x000000e4f3700000,0x000000e4f3800000)]
  0x00000254be56c0b0 JavaThread "Asynchronous log dispatcher for DefaultDaemonConnection: socket connection from /127.0.0.1:59595 to /127.0.0.1:59597" [_thread_blocked, id=28740, stack(0x000000e4f3800000,0x000000e4f3900000)]
  0x00000254bfdb8810 JavaThread "Stdin handler" [_thread_blocked, id=1324, stack(0x000000e4f3900000,0x000000e4f3a00000)]
  0x00000254bddd9230 JavaThread "Daemon client event forwarder" [_thread_blocked, id=31576, stack(0x000000e4f3a00000,0x000000e4f3b00000)]
  0x00000254bd9c46c0 JavaThread "Cache worker for journal cache (C:\Users\Gabriel Xavier\.gradle\caches\journal-1)" [_thread_blocked, id=27340, stack(0x000000e4f3f00000,0x000000e4f4000000)]
  0x00000254bd9c4b90 JavaThread "File lock request listener" [_thread_in_native, id=15348, stack(0x000000e4f4000000,0x000000e4f4100000)]
  0x00000254bd9c2510 JavaThread "Cache worker for file hash cache (C:\Users\Gabriel Xavier\.gradle\caches\8.0\fileHashes)" [_thread_blocked, id=2288, stack(0x000000e4f4100000,0x000000e4f4200000)]
  0x00000254bd9c3850 JavaThread "File watcher server" daemon [_thread_in_native, id=16544, stack(0x000000e4f4200000,0x000000e4f4300000)]
  0x00000254bd9c3d20 JavaThread "File watcher consumer" daemon [_thread_blocked, id=28324, stack(0x000000e4f4300000,0x000000e4f4400000)]
  0x00000254bd9c41f0 JavaThread "Cache worker for checksums cache (E:\IFPB\CST\AndroidStudio\gerarsenha\.gradle\8.0\checksums)" [_thread_blocked, id=13336, stack(0x000000e4f4400000,0x000000e4f4500000)]
  0x00000254bd9c11d0 JavaThread "Cache worker for cache directory md-rule (C:\Users\Gabriel Xavier\.gradle\caches\8.0\md-rule)" [_thread_blocked, id=5624, stack(0x000000e4f4500000,0x000000e4f4600000)]
  0x00000254bd9c16a0 JavaThread "Cache worker for file content cache (C:\Users\Gabriel Xavier\.gradle\caches\8.0\fileContent)" [_thread_blocked, id=23804, stack(0x000000e4f4600000,0x000000e4f4700000)]
  0x00000254bd9c29e0 JavaThread "Cache worker for file hash cache (E:\IFPB\CST\AndroidStudio\gerarsenha\.gradle\8.0\fileHashes)" [_thread_blocked, id=31028, stack(0x000000e4f4800000,0x000000e4f4900000)]
  0x00000254bd9c2040 JavaThread "Cache worker for cache directory md-supplier (C:\Users\Gabriel Xavier\.gradle\caches\8.0\md-supplier)" [_thread_blocked, id=5136, stack(0x000000e4f4900000,0x000000e4f4a00000)]
  0x00000254bd9c2eb0 JavaThread "Cache worker for execution history cache (C:\Users\Gabriel Xavier\.gradle\caches\8.0\executionHistory)" [_thread_blocked, id=8304, stack(0x000000e4f4a00000,0x000000e4f4b00000)]
  0x00000254bd9c3380 JavaThread "jar transforms" [_thread_blocked, id=8996, stack(0x000000e4f4700000,0x000000e4f4800000)]
  0x00000254c1306e40 JavaThread "jar transforms Thread 2" [_thread_blocked, id=30188, stack(0x000000e4f4b00000,0x000000e4f4c00000)]
  0x00000254c1305b00 JavaThread "Cache worker for kotlin-dsl (C:\Users\Gabriel Xavier\.gradle\caches\8.0\kotlin-dsl)" [_thread_blocked, id=20208, stack(0x000000e4f4e00000,0x000000e4f4f00000)]
  0x00000254c1300e00 JavaThread "jar transforms Thread 3" [_thread_blocked, id=4324, stack(0x000000e4f4d00000,0x000000e4f4e00000)]
  0x00000254c1300930 JavaThread "jar transforms Thread 4" [_thread_blocked, id=12368, stack(0x000000e4f5000000,0x000000e4f5100000)]
  0x00000254c1302fb0 JavaThread "Cache worker for dependencies-accessors (E:\IFPB\CST\AndroidStudio\gerarsenha\.gradle\8.0\dependencies-accessors)" [_thread_blocked, id=31536, stack(0x000000e4f5100000,0x000000e4f5200000)]
  0x00000254c1307310 JavaThread "Cache worker for Build Output Cleanup Cache (E:\IFPB\CST\AndroidStudio\gerarsenha\.gradle\buildOutputCleanup)" [_thread_blocked, id=20156, stack(0x000000e4f4f00000,0x000000e4f5000000)]
  0x00000254c1302ae0 JavaThread "jar transforms Thread 5" [_thread_blocked, id=19784, stack(0x000000e4f5200000,0x000000e4f5300000)]
  0x00000254c1302610 JavaThread "Unconstrained build operations" [_thread_blocked, id=10964, stack(0x000000e4f5400000,0x000000e4f5500000)]
  0x00000254c1303480 JavaThread "Unconstrained build operations Thread 2" [_thread_blocked, id=12268, stack(0x000000e4f5500000,0x000000e4f5600000)]
  0x00000254c1302140 JavaThread "Unconstrained build operations Thread 3" [_thread_blocked, id=18572, stack(0x000000e4f5600000,0x000000e4f5700000)]
  0x00000254c1305fd0 JavaThread "Unconstrained build operations Thread 4" [_thread_blocked, id=11312, stack(0x000000e4f5700000,0x000000e4f5800000)]
  0x00000254c1303e20 JavaThread "Unconstrained build operations Thread 5" [_thread_blocked, id=10792, stack(0x000000e4f5800000,0x000000e4f5900000)]
  0x00000254c13064a0 JavaThread "Unconstrained build operations Thread 6" [_thread_blocked, id=1872, stack(0x000000e4f5900000,0x000000e4f5a00000)]
  0x00000254c13042f0 JavaThread "Unconstrained build operations Thread 7" [_thread_blocked, id=8628, stack(0x000000e4f5a00000,0x000000e4f5b00000)]
  0x00000254c1304c90 JavaThread "Unconstrained build operations Thread 8" [_thread_blocked, id=12316, stack(0x000000e4f5b00000,0x000000e4f5c00000)]
  0x00000254c13077e0 JavaThread "Unconstrained build operations Thread 9" [_thread_blocked, id=4060, stack(0x000000e4f5c00000,0x000000e4f5d00000)]
  0x00000254c1307cb0 JavaThread "Unconstrained build operations Thread 10" [_thread_blocked, id=19256, stack(0x000000e4f5d00000,0x000000e4f5e00000)]
  0x00000254c13047c0 JavaThread "Unconstrained build operations Thread 11" [_thread_blocked, id=17380, stack(0x000000e4f5e00000,0x000000e4f5f00000)]
  0x00000254c1305160 JavaThread "Unconstrained build operations Thread 12" [_thread_blocked, id=16196, stack(0x000000e4f5f00000,0x000000e4f6000000)]
  0x00000254c1306970 JavaThread "Unconstrained build operations Thread 13" [_thread_blocked, id=21544, stack(0x000000e4f6000000,0x000000e4f6100000)]
  0x00000254c5161340 JavaThread "Unconstrained build operations Thread 14" [_thread_blocked, id=15656, stack(0x000000e4f6100000,0x000000e4f6200000)]
  0x00000254c515c170 JavaThread "Unconstrained build operations Thread 15" [_thread_blocked, id=31684, stack(0x000000e4f6200000,0x000000e4f6300000)]
  0x00000254c515f660 JavaThread "Unconstrained build operations Thread 16" [_thread_blocked, id=11468, stack(0x000000e4f6300000,0x000000e4f6400000)]
  0x00000254c51634f0 JavaThread "Unconstrained build operations Thread 17" [_thread_blocked, id=31176, stack(0x000000e4f6400000,0x000000e4f6500000)]
  0x00000254c515d4b0 JavaThread "Unconstrained build operations Thread 18" [_thread_blocked, id=14956, stack(0x000000e4f6500000,0x000000e4f6600000)]
  0x00000254c515c640 JavaThread "Unconstrained build operations Thread 19" [_thread_blocked, id=30740, stack(0x000000e4f6600000,0x000000e4f6700000)]
  0x00000254c515cfe0 JavaThread "Unconstrained build operations Thread 20" [_thread_blocked, id=17292, stack(0x000000e4f6700000,0x000000e4f6800000)]
  0x00000254c515e320 JavaThread "Unconstrained build operations Thread 21" [_thread_blocked, id=31136, stack(0x000000e4f6800000,0x000000e4f6900000)]
  0x00000254c515cb10 JavaThread "Unconstrained build operations Thread 22" [_thread_blocked, id=20904, stack(0x000000e4f6900000,0x000000e4f6a00000)]
  0x00000254c5162b50 JavaThread "Unconstrained build operations Thread 23" [_thread_blocked, id=21888, stack(0x000000e4f6a00000,0x000000e4f6b00000)]
  0x00000254c5161ce0 JavaThread "Unconstrained build operations Thread 24" [_thread_blocked, id=13816, stack(0x000000e4f6b00000,0x000000e4f6c00000)]
  0x00000254c5163020 JavaThread "Unconstrained build operations Thread 25" [_thread_blocked, id=21848, stack(0x000000e4f6c00000,0x000000e4f6d00000)]
  0x00000254c515d980 JavaThread "Unconstrained build operations Thread 26" [_thread_blocked, id=10812, stack(0x000000e4f6d00000,0x000000e4f6e00000)]
  0x00000254c5161810 JavaThread "Unconstrained build operations Thread 27" [_thread_blocked, id=28948, stack(0x000000e4f6e00000,0x000000e4f6f00000)]
  0x00000254c5160000 JavaThread "Unconstrained build operations Thread 28" [_thread_blocked, id=23276, stack(0x000000e4f6f00000,0x000000e4f7000000)]
  0x00000254c515bca0 JavaThread "Unconstrained build operations Thread 29" [_thread_blocked, id=26564, stack(0x000000e4f7000000,0x000000e4f7100000)]
  0x00000254c515de50 JavaThread "Unconstrained build operations Thread 30" [_thread_blocked, id=12584, stack(0x000000e4f7100000,0x000000e4f7200000)]
  0x00000254c515e7f0 JavaThread "Unconstrained build operations Thread 31" [_thread_blocked, id=31300, stack(0x000000e4f7200000,0x000000e4f7300000)]
  0x00000254c51621b0 JavaThread "Unconstrained build operations Thread 32" [_thread_blocked, id=14140, stack(0x000000e4f7300000,0x000000e4f7400000)]
  0x00000254c515ecc0 JavaThread "Unconstrained build operations Thread 33" [_thread_blocked, id=25724, stack(0x000000e4f7400000,0x000000e4f7500000)]
  0x00000254c515fb30 JavaThread "Unconstrained build operations Thread 34" [_thread_blocked, id=8596, stack(0x000000e4f7500000,0x000000e4f7600000)]
  0x00000254c515f190 JavaThread "Unconstrained build operations Thread 35" [_thread_blocked, id=3556, stack(0x000000e4f7600000,0x000000e4f7700000)]
  0x00000254c51604d0 JavaThread "Unconstrained build operations Thread 36" [_thread_blocked, id=8512, stack(0x000000e4f7700000,0x000000e4f7800000)]
  0x00000254c51609a0 JavaThread "Unconstrained build operations Thread 37" [_thread_blocked, id=23108, stack(0x000000e4f7800000,0x000000e4f7900000)]
  0x00000254c5160e70 JavaThread "Unconstrained build operations Thread 38" [_thread_blocked, id=18076, stack(0x000000e4f7900000,0x000000e4f7a00000)]
  0x00000254c5162680 JavaThread "Unconstrained build operations Thread 39" [_thread_blocked, id=10084, stack(0x000000e4f7a00000,0x000000e4f7b00000)]
  0x00000254c06235a0 JavaThread "Unconstrained build operations Thread 40" [_thread_blocked, id=12836, stack(0x000000e4f7b00000,0x000000e4f7c00000)]
  0x00000254c061f240 JavaThread "Unconstrained build operations Thread 41" [_thread_blocked, id=20276, stack(0x000000e4f7c00000,0x000000e4f7d00000)]
  0x00000254c061cbc0 JavaThread "Unconstrained build operations Thread 42" [_thread_blocked, id=25480, stack(0x000000e4f7d00000,0x000000e4f7e00000)]
  0x00000254c061c220 JavaThread "Unconstrained build operations Thread 43" [_thread_blocked, id=21720, stack(0x000000e4f7e00000,0x000000e4f7f00000)]
  0x00000254c061c6f0 JavaThread "Unconstrained build operations Thread 44" [_thread_blocked, id=10340, stack(0x000000e4f7f00000,0x000000e4f8000000)]
  0x00000254c0620a50 JavaThread "Unconstrained build operations Thread 45" [_thread_blocked, id=27944, stack(0x000000e4f8000000,0x000000e4f8100000)]
  0x00000254c06230d0 JavaThread "Unconstrained build operations Thread 46" [_thread_blocked, id=1136, stack(0x000000e4f8100000,0x000000e4f8200000)]
  0x00000254c061df00 JavaThread "Unconstrained build operations Thread 47" [_thread_blocked, id=16024, stack(0x000000e4f8200000,0x000000e4f8300000)]
  0x00000254c061e8a0 JavaThread "Unconstrained build operations Thread 48" [_thread_blocked, id=364, stack(0x000000e4f8300000,0x000000e4f8400000)]
  0x00000254c061bd50 JavaThread "Unconstrained build operations Thread 49" [_thread_blocked, id=6932, stack(0x000000e4f8400000,0x000000e4f8500000)]
  0x00000254c061f710 JavaThread "Unconstrained build operations Thread 50" [_thread_blocked, id=17628, stack(0x000000e4f8500000,0x000000e4f8600000)]
  0x00000254c06213f0 JavaThread "Unconstrained build operations Thread 51" [_thread_blocked, id=29472, stack(0x000000e4f8600000,0x000000e4f8700000)]
  0x00000254c06200b0 JavaThread "Unconstrained build operations Thread 52" [_thread_blocked, id=288, stack(0x000000e4f8700000,0x000000e4f8800000)]
  0x00000254c0620580 JavaThread "Unconstrained build operations Thread 53" [_thread_blocked, id=22332, stack(0x000000e4f8800000,0x000000e4f8900000)]
  0x00000254c061d090 JavaThread "Unconstrained build operations Thread 54" [_thread_blocked, id=13048, stack(0x000000e4f8900000,0x000000e4f8a00000)]
  0x00000254c061d560 JavaThread "Unconstrained build operations Thread 55" [_thread_blocked, id=8716, stack(0x000000e4f8a00000,0x000000e4f8b00000)]
  0x00000254c061da30 JavaThread "Unconstrained build operations Thread 56" [_thread_blocked, id=16008, stack(0x000000e4f8b00000,0x000000e4f8c00000)]
  0x00000254c061e3d0 JavaThread "Unconstrained build operations Thread 57" [_thread_blocked, id=8312, stack(0x000000e4f8c00000,0x000000e4f8d00000)]
  0x00000254c061fbe0 JavaThread "Unconstrained build operations Thread 58" [_thread_blocked, id=29256, stack(0x000000e4f8d00000,0x000000e4f8e00000)]
  0x00000254c0620f20 JavaThread "Unconstrained build operations Thread 59" [_thread_blocked, id=10232, stack(0x000000e4f8e00000,0x000000e4f8f00000)]
  0x00000254c061ed70 JavaThread "Unconstrained build operations Thread 60" [_thread_blocked, id=29220, stack(0x000000e4f8f00000,0x000000e4f9000000)]
  0x00000254c06218c0 JavaThread "Unconstrained build operations Thread 61" [_thread_blocked, id=20948, stack(0x000000e4f9000000,0x000000e4f9100000)]
  0x00000254c0621d90 JavaThread "Unconstrained build operations Thread 62" [_thread_blocked, id=276, stack(0x000000e4f9100000,0x000000e4f9200000)]
  0x00000254c0622260 JavaThread "Unconstrained build operations Thread 63" [_thread_blocked, id=8280, stack(0x000000e4f9200000,0x000000e4f9300000)]
  0x00000254c0622730 JavaThread "Unconstrained build operations Thread 64" [_thread_blocked, id=19096, stack(0x000000e4f9300000,0x000000e4f9400000)]
  0x00000254c0622c00 JavaThread "Unconstrained build operations Thread 65" [_thread_blocked, id=2852, stack(0x000000e4f9400000,0x000000e4f9500000)]
  0x00000254c5ce8a20 JavaThread "Unconstrained build operations Thread 66" [_thread_blocked, id=18612, stack(0x000000e4f9500000,0x000000e4f9600000)]
  0x00000254c5ce5060 JavaThread "Unconstrained build operations Thread 67" [_thread_blocked, id=26420, stack(0x000000e4f9600000,0x000000e4f9700000)]
  0x00000254c5ce1b70 JavaThread "Unconstrained build operations Thread 68" [_thread_blocked, id=29076, stack(0x000000e4f9700000,0x000000e4f9800000)]
  0x00000254c5ce63a0 JavaThread "Unconstrained build operations Thread 69" [_thread_blocked, id=16032, stack(0x000000e4f9800000,0x000000e4f9900000)]
  0x00000254c5ce3380 JavaThread "Unconstrained build operations Thread 70" [_thread_blocked, id=28828, stack(0x000000e4f9900000,0x000000e4f9a00000)]
  0x00000254c5ce4b90 JavaThread "Unconstrained build operations Thread 71" [_thread_blocked, id=7736, stack(0x000000e4f9a00000,0x000000e4f9b00000)]
  0x00000254c5ce8ef0 JavaThread "Unconstrained build operations Thread 72" [_thread_blocked, id=16072, stack(0x000000e4f9b00000,0x000000e4f9c00000)]
  0x00000254c5ce6870 JavaThread "Unconstrained build operations Thread 73" [_thread_blocked, id=1784, stack(0x000000e4f9c00000,0x000000e4f9d00000)]
  0x00000254c5ce2040 JavaThread "Unconstrained build operations Thread 74" [_thread_blocked, id=20808, stack(0x000000e4f9d00000,0x000000e4f9e00000)]
  0x00000254c5ce8550 JavaThread "Unconstrained build operations Thread 75" [_thread_blocked, id=6368, stack(0x000000e4f9e00000,0x000000e4f9f00000)]
  0x00000254c5ce7210 JavaThread "Unconstrained build operations Thread 76" [_thread_blocked, id=28136, stack(0x000000e4f9f00000,0x000000e4fa000000)]
  0x00000254c5ce2510 JavaThread "Unconstrained build operations Thread 77" [_thread_blocked, id=18140, stack(0x000000e4fa000000,0x000000e4fa100000)]
  0x00000254c5ce6d40 JavaThread "Unconstrained build operations Thread 78" [_thread_blocked, id=8132, stack(0x000000e4fa100000,0x000000e4fa200000)]
  0x00000254c5ce16a0 JavaThread "Unconstrained build operations Thread 79" [_thread_blocked, id=7976, stack(0x000000e4fa200000,0x000000e4fa300000)]
  0x00000254c5ce76e0 JavaThread "Unconstrained build operations Thread 80" [_thread_blocked, id=3068, stack(0x000000e4fa300000,0x000000e4fa400000)]
  0x00000254c5ce7bb0 JavaThread "jar transforms Thread 6" [_thread_blocked, id=6788, stack(0x000000e4fa400000,0x000000e4fa500000)]
  0x00000254c5ce5530 JavaThread "jar transforms Thread 7" [_thread_blocked, id=5176, stack(0x000000e4fa500000,0x000000e4fa600000)]
  0x00000254c5ce8080 JavaThread "jar transforms Thread 8" [_thread_blocked, id=29668, stack(0x000000e4fa600000,0x000000e4fa700000)]

Other Threads:
  0x00000254bca1ebf0 VMThread "VM Thread" [stack: 0x000000e4f2000000,0x000000e4f2100000] [id=12756] _threads_hazard_ptr=0x00000254c4f33190
  0x00000254a2c247d0 WatcherThread [stack: 0x000000e4f2c00000,0x000000e4f2d00000] [id=11400]
  0x00000254a2bf9600 GCTaskThread "GC Thread#0" [stack: 0x000000e4f1b00000,0x000000e4f1c00000] [id=28704]
  0x00000254be249900 GCTaskThread "GC Thread#1" [stack: 0x000000e4f2e00000,0x000000e4f2f00000] [id=1684]
  0x00000254be249bb0 GCTaskThread "GC Thread#2" [stack: 0x000000e4f2f00000,0x000000e4f3000000] [id=2652]
  0x00000254be2b18b0 GCTaskThread "GC Thread#3" [stack: 0x000000e4f3000000,0x000000e4f3100000] [id=26476]
  0x00000254beaa3d80 GCTaskThread "GC Thread#4" [stack: 0x000000e4f3100000,0x000000e4f3200000] [id=3564]
  0x00000254bfecfff0 GCTaskThread "GC Thread#5" [stack: 0x000000e4f3b00000,0x000000e4f3c00000] [id=30728]
  0x00000254bfed02a0 GCTaskThread "GC Thread#6" [stack: 0x000000e4f3c00000,0x000000e4f3d00000] [id=23752]
  0x00000254be44ad70 GCTaskThread "GC Thread#7" [stack: 0x000000e4f3d00000,0x000000e4f3e00000] [id=8424]
  0x00000254a2c0b360 ConcurrentGCThread "G1 Main Marker" [stack: 0x000000e4f1c00000,0x000000e4f1d00000] [id=28584]
  0x00000254a2c0bb80 ConcurrentGCThread "G1 Conc#0" [stack: 0x000000e4f1d00000,0x000000e4f1e00000] [id=31660]
  0x00000254bde31810 ConcurrentGCThread "G1 Conc#1" [stack: 0x000000e4f3e00000,0x000000e4f3f00000] [id=27088]
  0x00000254bc889f90 ConcurrentGCThread "G1 Refine#0" [stack: 0x000000e4f1e00000,0x000000e4f1f00000] [id=21308]
  0x00000254bc88a7c0 ConcurrentGCThread "G1 Service" [stack: 0x000000e4f1f00000,0x000000e4f2000000] [id=20088]

Threads with active compile tasks:
C2 CompilerThread0    17530 5878 %     4       java.util.zip.ZipFile$Source::initCEN @ 240 (591 bytes)
C1 CompilerThread0    17530 5879       3       java.util.jar.Manifest::read (415 bytes)

VM state: synchronizing (normal execution)

VM Mutex/Monitor currently owned by a thread:  ([mutex/lock_event])
[0x00000254a0a0e680] Threads_lock - owner thread: 0x00000254bca1ebf0
[0x00000254a0a0dc60] Heap_lock - owner thread: 0x00000254bdb3c1f0

Heap address: 0x0000000080000000, size: 2048 MB, Compressed Oops mode: 32-bit

CDS archive(s) not mapped
Compressed class space mapped at: 0x0000000100000000-0x0000000140000000, reserved size: 1073741824
Narrow klass base: 0x0000000000000000, Narrow klass shift: 3, Narrow klass range: 0x140000000

GC Precious Log:
 CPUs: 8 total, 8 available
 Memory: 8056M
 Large Page Support: Disabled
 NUMA Support: Disabled
 Compressed Oops: Enabled (32-bit)
 Heap Region Size: 1M
 Heap Min Capacity: 8M
 Heap Initial Capacity: 126M
 Heap Max Capacity: 2G
 Pre-touch: Disabled
 Parallel Workers: 8
 Concurrent Workers: 2
 Concurrent Refinement Workers: 8
 Periodic GC: Disabled

Heap:
 garbage-first heap   total 75776K, used 45411K [0x0000000080000000, 0x0000000100000000)
  region size 1024K, 7 young (7168K), 2 survivors (2048K)
 Metaspace       used 53569K, committed 54080K, reserved 1097728K
  class space    used 7158K, committed 7360K, reserved 1048576K

Heap Regions: E=young(eden), S=young(survivor), O=old, HS=humongous(starts), HC=humongous(continues), CS=collection set, F=free, OA=open archive, CA=closed archive, TAMS=top-at-mark-start (previous, next)
|   0|0x0000000080000000, 0x0000000080100000, 0x0000000080100000|100%|HS|  |TAMS 0x0000000080100000, 0x0000000080000000| Complete 
|   1|0x0000000080100000, 0x0000000080200000, 0x0000000080200000|100%|HC|  |TAMS 0x0000000080200000, 0x0000000080100000| Complete 
|   2|0x0000000080200000, 0x0000000080300000, 0x0000000080300000|100%|HC|  |TAMS 0x0000000080300000, 0x0000000080200000| Complete 
|   3|0x0000000080300000, 0x0000000080400000, 0x0000000080400000|100%|HC|  |TAMS 0x0000000080400000, 0x0000000080300000| Complete 
|   4|0x0000000080400000, 0x0000000080500000, 0x0000000080500000|100%| O|  |TAMS 0x0000000080500000, 0x0000000080400000| Untracked 
|   5|0x0000000080500000, 0x0000000080600000, 0x0000000080600000|100%| O|  |TAMS 0x0000000080600000, 0x0000000080500000| Untracked 
|   6|0x0000000080600000, 0x0000000080700000, 0x0000000080700000|100%| O|  |TAMS 0x0000000080700000, 0x0000000080600000| Untracked 
|   7|0x0000000080700000, 0x0000000080800000, 0x0000000080800000|100%| O|  |TAMS 0x0000000080800000, 0x0000000080700000| Untracked 
|   8|0x0000000080800000, 0x0000000080900000, 0x0000000080900000|100%| O|  |TAMS 0x0000000080900000, 0x0000000080800000| Untracked 
|   9|0x0000000080900000, 0x0000000080a00000, 0x0000000080a00000|100%| O|  |TAMS 0x0000000080a00000, 0x0000000080900000| Untracked 
|  10|0x0000000080a00000, 0x0000000080af7600, 0x0000000080b00000| 96%| O|  |TAMS 0x0000000080af7600, 0x0000000080a00000| Untracked 
|  11|0x0000000080b00000, 0x0000000080c00000, 0x0000000080c00000|100%| O|  |TAMS 0x0000000080c00000, 0x0000000080b00000| Untracked 
|  12|0x0000000080c00000, 0x0000000080d00000, 0x0000000080d00000|100%| O|  |TAMS 0x0000000080d00000, 0x0000000080c00000| Untracked 
|  13|0x0000000080d00000, 0x0000000080e00000, 0x0000000080e00000|100%| O|  |TAMS 0x0000000080e00000, 0x0000000080d00000| Untracked 
|  14|0x0000000080e00000, 0x0000000080f00000, 0x0000000080f00000|100%| O|  |TAMS 0x0000000080f00000, 0x0000000080e00000| Untracked 
|  15|0x0000000080f00000, 0x0000000081000000, 0x0000000081000000|100%| O|  |TAMS 0x0000000081000000, 0x0000000080f00000| Untracked 
|  16|0x0000000081000000, 0x0000000081100000, 0x0000000081100000|100%| O|  |TAMS 0x0000000081100000, 0x0000000081000000| Untracked 
|  17|0x0000000081100000, 0x0000000081200000, 0x0000000081200000|100%| O|  |TAMS 0x0000000081200000, 0x0000000081100000| Untracked 
|  18|0x0000000081200000, 0x0000000081300000, 0x0000000081300000|100%| O|  |TAMS 0x0000000081300000, 0x0000000081200000| Untracked 
|  19|0x0000000081300000, 0x0000000081400000, 0x0000000081400000|100%| O|  |TAMS 0x0000000081400000, 0x0000000081300000| Untracked 
|  20|0x0000000081400000, 0x0000000081500000, 0x0000000081500000|100%| O|  |TAMS 0x0000000081500000, 0x0000000081400000| Untracked 
|  21|0x0000000081500000, 0x0000000081600000, 0x0000000081600000|100%| O|  |TAMS 0x0000000081600000, 0x0000000081500000| Untracked 
|  22|0x0000000081600000, 0x0000000081700000, 0x0000000081700000|100%| O|  |TAMS 0x0000000081700000, 0x0000000081600000| Untracked 
|  23|0x0000000081700000, 0x0000000081800000, 0x0000000081800000|100%| O|  |TAMS 0x0000000081800000, 0x0000000081700000| Untracked 
|  24|0x0000000081800000, 0x0000000081900000, 0x0000000081900000|100%| O|  |TAMS 0x0000000081900000, 0x0000000081800000| Untracked 
|  25|0x0000000081900000, 0x0000000081a00000, 0x0000000081a00000|100%| O|  |TAMS 0x0000000081a00000, 0x0000000081900000| Untracked 
|  26|0x0000000081a00000, 0x0000000081b00000, 0x0000000081b00000|100%| O|  |TAMS 0x0000000081b00000, 0x0000000081a00000| Untracked 
|  27|0x0000000081b00000, 0x0000000081c00000, 0x0000000081c00000|100%| O|  |TAMS 0x0000000081c00000, 0x0000000081b00000| Untracked 
|  28|0x0000000081c00000, 0x0000000081d00000, 0x0000000081d00000|100%| O|  |TAMS 0x0000000081d00000, 0x0000000081c00000| Untracked 
|  29|0x0000000081d00000, 0x0000000081e00000, 0x0000000081e00000|100%| O|  |TAMS 0x0000000081e00000, 0x0000000081d00000| Untracked 
|  30|0x0000000081e00000, 0x0000000081f00000, 0x0000000081f00000|100%| O|  |TAMS 0x0000000081f00000, 0x0000000081e00000| Untracked 
|  31|0x0000000081f00000, 0x0000000082000000, 0x0000000082000000|100%| O|  |TAMS 0x0000000082000000, 0x0000000081f00000| Untracked 
|  32|0x0000000082000000, 0x0000000082100000, 0x0000000082100000|100%| O|  |TAMS 0x0000000082100000, 0x0000000082000000| Untracked 
|  33|0x0000000082100000, 0x0000000082200000, 0x0000000082200000|100%| O|  |TAMS 0x0000000082200000, 0x0000000082100000| Untracked 
|  34|0x0000000082200000, 0x0000000082300000, 0x0000000082300000|100%|HS|  |TAMS 0x0000000082300000, 0x0000000082200000| Complete 
|  35|0x0000000082300000, 0x0000000082400000, 0x0000000082400000|100%|HS|  |TAMS 0x0000000082400000, 0x0000000082300000| Complete 
|  36|0x0000000082400000, 0x0000000082500000, 0x0000000082500000|100%| O|  |TAMS 0x00000000824d9200, 0x0000000082400000| Untracked 
|  37|0x0000000082500000, 0x0000000082600000, 0x0000000082600000|100%|HS|  |TAMS 0x0000000082600000, 0x0000000082500000| Complete 
|  38|0x0000000082600000, 0x0000000082700000, 0x0000000082700000|100%|HC|  |TAMS 0x0000000082700000, 0x0000000082600000| Complete 
|  39|0x0000000082700000, 0x000000008272b800, 0x0000000082800000| 16%| O|  |TAMS 0x0000000082700000, 0x0000000082700000| Untracked 
|  40|0x0000000082800000, 0x0000000082900000, 0x0000000082900000|100%|HS|  |TAMS 0x0000000082800000, 0x0000000082800000| Complete 
|  41|0x0000000082900000, 0x0000000082900000, 0x0000000082a00000|  0%| F|  |TAMS 0x0000000082900000, 0x0000000082900000| Untracked 
|  42|0x0000000082a00000, 0x0000000082a00000, 0x0000000082b00000|  0%| F|  |TAMS 0x0000000082a00000, 0x0000000082a00000| Untracked 
|  43|0x0000000082b00000, 0x0000000082b00000, 0x0000000082c00000|  0%| F|  |TAMS 0x0000000082b00000, 0x0000000082b00000| Untracked 
|  44|0x0000000082c00000, 0x0000000082c00000, 0x0000000082d00000|  0%| F|  |TAMS 0x0000000082c00000, 0x0000000082c00000| Untracked 
|  45|0x0000000082d00000, 0x0000000082d00000, 0x0000000082e00000|  0%| F|  |TAMS 0x0000000082d00000, 0x0000000082d00000| Untracked 
|  46|0x0000000082e00000, 0x0000000082e00000, 0x0000000082f00000|  0%| F|  |TAMS 0x0000000082e00000, 0x0000000082e00000| Untracked 
|  47|0x0000000082f00000, 0x0000000082f00000, 0x0000000083000000|  0%| F|  |TAMS 0x0000000082f00000, 0x0000000082f00000| Untracked 
|  48|0x0000000083000000, 0x0000000083000000, 0x0000000083100000|  0%| F|  |TAMS 0x0000000083000000, 0x0000000083000000| Untracked 
|  49|0x0000000083100000, 0x0000000083100000, 0x0000000083200000|  0%| F|  |TAMS 0x0000000083100000, 0x0000000083100000| Untracked 
|  50|0x0000000083200000, 0x0000000083200000, 0x0000000083300000|  0%| F|  |TAMS 0x0000000083200000, 0x0000000083200000| Untracked 
|  51|0x0000000083300000, 0x0000000083300000, 0x0000000083400000|  0%| F|  |TAMS 0x0000000083300000, 0x0000000083300000| Untracked 
|  52|0x0000000083400000, 0x0000000083400000, 0x0000000083500000|  0%| F|  |TAMS 0x0000000083400000, 0x0000000083400000| Untracked 
|  53|0x0000000083500000, 0x0000000083500000, 0x0000000083600000|  0%| F|  |TAMS 0x0000000083500000, 0x0000000083500000| Untracked 
|  54|0x0000000083600000, 0x0000000083600000, 0x0000000083700000|  0%| F|  |TAMS 0x0000000083600000, 0x0000000083600000| Untracked 
|  55|0x0000000083700000, 0x0000000083700000, 0x0000000083800000|  0%| F|  |TAMS 0x0000000083700000, 0x0000000083700000| Untracked 
|  56|0x0000000083800000, 0x0000000083800000, 0x0000000083900000|  0%| F|  |TAMS 0x0000000083800000, 0x0000000083800000| Untracked 
|  57|0x0000000083900000, 0x0000000083900000, 0x0000000083a00000|  0%| F|  |TAMS 0x0000000083900000, 0x0000000083900000| Untracked 
|  58|0x0000000083a00000, 0x0000000083a00000, 0x0000000083b00000|  0%| F|  |TAMS 0x0000000083a00000, 0x0000000083a00000| Untracked 
|  59|0x0000000083b00000, 0x0000000083b00000, 0x0000000083c00000|  0%| F|  |TAMS 0x0000000083b00000, 0x0000000083b00000| Untracked 
|  60|0x0000000083c00000, 0x0000000083c00000, 0x0000000083d00000|  0%| F|  |TAMS 0x0000000083c00000, 0x0000000083c00000| Untracked 
|  61|0x0000000083d00000, 0x0000000083d00000, 0x0000000083e00000|  0%| F|  |TAMS 0x0000000083d00000, 0x0000000083d00000| Untracked 
|  62|0x0000000083e00000, 0x0000000083e00000, 0x0000000083f00000|  0%| F|  |TAMS 0x0000000083e00000, 0x0000000083e00000| Untracked 
|  63|0x0000000083f00000, 0x0000000083f00000, 0x0000000084000000|  0%| F|  |TAMS 0x0000000083f00000, 0x0000000083f00000| Untracked 
|  74|0x0000000084a00000, 0x0000000084a00000, 0x0000000084b00000|  0%| F|  |TAMS 0x0000000084a00000, 0x0000000084a00000| Untracked 
|  75|0x0000000084b00000, 0x0000000084b00000, 0x0000000084c00000|  0%| F|  |TAMS 0x0000000084b00000, 0x0000000084b00000| Untracked 
|  76|0x0000000084c00000, 0x0000000084c00000, 0x0000000084d00000|  0%| F|  |TAMS 0x0000000084c00000, 0x0000000084c00000| Untracked 
|  77|0x0000000084d00000, 0x0000000084d32190, 0x0000000084e00000| 19%| E|  |TAMS 0x0000000084d00000, 0x0000000084d00000| Complete 
|  78|0x0000000084e00000, 0x0000000084f00000, 0x0000000084f00000|100%| E|CS|TAMS 0x0000000084e00000, 0x0000000084e00000| Complete 
|  79|0x0000000084f00000, 0x0000000085000000, 0x0000000085000000|100%| E|  |TAMS 0x0000000084f00000, 0x0000000084f00000| Complete 
|  80|0x0000000085000000, 0x0000000085036088, 0x0000000085100000| 21%| S|CS|TAMS 0x0000000085000000, 0x0000000085000000| Complete 
|  81|0x0000000085100000, 0x0000000085200000, 0x0000000085200000|100%| S|CS|TAMS 0x0000000085100000, 0x0000000085100000| Complete 
|  82|0x0000000085200000, 0x0000000085300000, 0x0000000085300000|100%| E|CS|TAMS 0x0000000085200000, 0x0000000085200000| Complete 
| 125|0x0000000087d00000, 0x0000000087e00000, 0x0000000087e00000|100%| E|CS|TAMS 0x0000000087d00000, 0x0000000087d00000| Complete 

Card table byte_map: [0x00000254b57a0000,0x00000254b5ba0000] _byte_map_base: 0x00000254b53a0000

Marking Bits (Prev, Next): (CMBitMap*) 0x00000254a2bf9a20, (CMBitMap*) 0x00000254a2bf9a60
 Prev Bits: [0x00000254b5fa0000, 0x00000254b7fa0000)
 Next Bits: [0x00000254b7fa0000, 0x00000254b9fa0000)

Polling page: 0x00000254a0ad0000

Metaspace:

Usage:
  Non-class:     45.32 MB used.
      Class:      6.99 MB used.
       Both:     52.31 MB used.

Virtual space:
  Non-class space:       48.00 MB reserved,      45.62 MB ( 95%) committed,  6 nodes.
      Class space:        1.00 GB reserved,       7.19 MB ( <1%) committed,  1 nodes.
             Both:        1.05 GB reserved,      52.81 MB (  5%) committed. 

Chunk freelists:
   Non-Class:  2.36 MB
       Class:  776.00 KB
        Both:  3.12 MB

MaxMetaspaceSize: unlimited
CompressedClassSpaceSize: 1.00 GB
Initial GC threshold: 21.00 MB
Current GC threshold: 87.81 MB
CDS: off
MetaspaceReclaimPolicy: balanced
 - commit_granule_bytes: 65536.
 - commit_granule_words: 8192.
 - virtual_space_node_default_size: 1048576.
 - enlarge_chunks_in_place: 1.
 - new_chunks_are_fully_committed: 0.
 - uncommit_free_chunks: 1.
 - use_allocation_guard: 0.
 - handle_deallocations: 1.


Internal statistics:

num_allocs_failed_limit: 6.
num_arena_births: 588.
num_arena_deaths: 0.
num_vsnodes_births: 7.
num_vsnodes_deaths: 0.
num_space_committed: 845.
num_space_uncommitted: 0.
num_chunks_returned_to_freelist: 6.
num_chunks_taken_from_freelist: 2301.
num_chunk_merges: 6.
num_chunk_splits: 1534.
num_chunks_enlarged: 1063.
num_purges: 0.
num_inconsistent_stats: 0.

CodeHeap 'non-profiled nmethods': size=120000Kb used=2708Kb max_used=3507Kb free=117291Kb
 bounds [0x00000254adb40000, 0x00000254adeb0000, 0x00000254b5070000]
CodeHeap 'profiled nmethods': size=120000Kb used=9257Kb max_used=10902Kb free=110742Kb
 bounds [0x00000254a6070000, 0x00000254a6b20000, 0x00000254ad5a0000]
CodeHeap 'non-nmethods': size=5760Kb used=2314Kb max_used=2432Kb free=3445Kb
 bounds [0x00000254ad5a0000, 0x00000254ad830000, 0x00000254adb40000]
 total_blobs=5907 nmethods=5073 adapters=746
 compilation: enabled
              stopped_count=0, restarted_count=0
 full_count=0

Compilation events (20 events):
Event: 15.428 Thread 0x00000254bd4612e0 5869       3       javax.management.ObjectName::construct (1135 bytes)
Event: 15.431 Thread 0x00000254bd4612e0 nmethod 5869 0x00000254a6599c10 code [0x00000254a659a260, 0x00000254a659dc68]
Event: 15.461 Thread 0x00000254bd4612e0 5870       1       org.gradle.internal.typeconversion.TypeInfo::getTargetType (5 bytes)
Event: 15.461 Thread 0x00000254bd4612e0 nmethod 5870 0x00000254adb8c710 code [0x00000254adb8c8a0, 0x00000254adb8c978]
Event: 15.461 Thread 0x00000254bd4612e0 5871       3       com.google.common.collect.SingletonImmutableList::get (11 bytes)
Event: 15.462 Thread 0x00000254bd4612e0 nmethod 5871 0x00000254a626ee10 code [0x00000254a626efc0, 0x00000254a626f168]
Event: 15.462 Thread 0x00000254bd4612e0 5872       3       com.google.common.base.Preconditions::checkElementIndex (8 bytes)
Event: 15.462 Thread 0x00000254bd4612e0 nmethod 5872 0x00000254a6369c10 code [0x00000254a6369da0, 0x00000254a6369ec8]
Event: 15.462 Thread 0x00000254bd4612e0 5873       3       com.google.common.base.Preconditions::checkElementIndex (25 bytes)
Event: 15.462 Thread 0x00000254bd4612e0 nmethod 5873 0x00000254a626e910 code [0x00000254a626eac0, 0x00000254a626ed18]
Event: 15.462 Thread 0x00000254bd4612e0 5874       1       org.gradle.api.internal.DefaultDomainObjectCollection::getStore (5 bytes)
Event: 15.462 Thread 0x00000254bd4612e0 nmethod 5874 0x00000254add09810 code [0x00000254add099a0, 0x00000254add09a78]
Event: 15.693 Thread 0x00000254bd4612e0 5875       3       java.util.jar.Manifest$FastInputStream::readLine (296 bytes)
Event: 15.693 Thread 0x00000254bd4612e0 nmethod 5875 0x00000254a613dc10 code [0x00000254a613de40, 0x00000254a613e748]
Event: 15.950 Thread 0x00000254bd4612e0 5876   !   3       java.util.zip.ZipFile::getInputStream (275 bytes)
Event: 15.952 Thread 0x00000254bd4612e0 nmethod 5876 0x00000254a661ef90 code [0x00000254a661f280, 0x00000254a6620408]
Event: 16.317 Thread 0x00000254bd4612e0 5877       3       sun.net.util.IPAddressUtil::checkExternalForm (69 bytes)
Event: 16.318 Thread 0x00000254bd4612e0 nmethod 5877 0x00000254a60ce290 code [0x00000254a60ce560, 0x00000254a60cf218]
Event: 16.799 Thread 0x00000254bd4609e0 5878 %     4       java.util.zip.ZipFile$Source::initCEN @ 240 (591 bytes)
Event: 16.802 Thread 0x00000254bd4612e0 5879       3       java.util.jar.Manifest::read (415 bytes)

GC Heap History (20 events):
Event: 10.105 GC heap before
{Heap before GC invocations=10 (full 0):
 garbage-first heap   total 68608K, used 50880K [0x0000000080000000, 0x0000000100000000)
  region size 1024K, 28 young (28672K), 1 survivors (1024K)
 Metaspace       used 40401K, committed 40768K, reserved 1089536K
  class space    used 5356K, committed 5504K, reserved 1048576K
}
Event: 10.109 GC heap after
{Heap after GC invocations=11 (full 0):
 garbage-first heap   total 68608K, used 27803K [0x0000000080000000, 0x0000000100000000)
  region size 1024K, 4 young (4096K), 4 survivors (4096K)
 Metaspace       used 40401K, committed 40768K, reserved 1089536K
  class space    used 5356K, committed 5504K, reserved 1048576K
}
Event: 10.652 GC heap before
{Heap before GC invocations=11 (full 0):
 garbage-first heap   total 68608K, used 54427K [0x0000000080000000, 0x0000000100000000)
  region size 1024K, 27 young (27648K), 4 survivors (4096K)
 Metaspace       used 43152K, committed 43520K, reserved 1089536K
  class space    used 5668K, committed 5824K, reserved 1048576K
}
Event: 10.657 GC heap after
{Heap after GC invocations=12 (full 0):
 garbage-first heap   total 68608K, used 28773K [0x0000000080000000, 0x0000000100000000)
  region size 1024K, 3 young (3072K), 3 survivors (3072K)
 Metaspace       used 43152K, committed 43520K, reserved 1089536K
  class space    used 5668K, committed 5824K, reserved 1048576K
}
Event: 11.195 GC heap before
{Heap before GC invocations=12 (full 0):
 garbage-first heap   total 68608K, used 52325K [0x0000000080000000, 0x0000000100000000)
  region size 1024K, 26 young (26624K), 3 survivors (3072K)
 Metaspace       used 45542K, committed 45952K, reserved 1089536K
  class space    used 5954K, committed 6144K, reserved 1048576K
}
Event: 11.198 GC heap after
{Heap after GC invocations=13 (full 0):
 garbage-first heap   total 68608K, used 30237K [0x0000000080000000, 0x0000000100000000)
  region size 1024K, 4 young (4096K), 4 survivors (4096K)
 Metaspace       used 45542K, committed 45952K, reserved 1089536K
  class space    used 5954K, committed 6144K, reserved 1048576K
}
Event: 11.849 GC heap before
{Heap before GC invocations=13 (full 0):
 garbage-first heap   total 68608K, used 53789K [0x0000000080000000, 0x0000000100000000)
  region size 1024K, 27 young (27648K), 4 survivors (4096K)
 Metaspace       used 48728K, committed 49088K, reserved 1097728K
  class space    used 6487K, committed 6656K, reserved 1048576K
}
Event: 11.853 GC heap after
{Heap after GC invocations=14 (full 0):
 garbage-first heap   total 68608K, used 31651K [0x0000000080000000, 0x0000000100000000)
  region size 1024K, 4 young (4096K), 4 survivors (4096K)
 Metaspace       used 48728K, committed 49088K, reserved 1097728K
  class space    used 6487K, committed 6656K, reserved 1048576K
}
Event: 12.563 GC heap before
{Heap before GC invocations=14 (full 0):
 garbage-first heap   total 68608K, used 54179K [0x0000000080000000, 0x0000000100000000)
  region size 1024K, 26 young (26624K), 4 survivors (4096K)
 Metaspace       used 51816K, committed 52288K, reserved 1097728K
  class space    used 6945K, committed 7168K, reserved 1048576K
}
Event: 12.567 GC heap after
{Heap after GC invocations=15 (full 0):
 garbage-first heap   total 68608K, used 32578K [0x0000000080000000, 0x0000000100000000)
  region size 1024K, 3 young (3072K), 3 survivors (3072K)
 Metaspace       used 51816K, committed 52288K, reserved 1097728K
  class space    used 6945K, committed 7168K, reserved 1048576K
}
Event: 13.207 GC heap before
{Heap before GC invocations=15 (full 0):
 garbage-first heap   total 68608K, used 55106K [0x0000000080000000, 0x0000000100000000)
  region size 1024K, 25 young (25600K), 3 survivors (3072K)
 Metaspace       used 52996K, committed 53440K, reserved 1097728K
  class space    used 7092K, committed 7296K, reserved 1048576K
}
Event: 13.211 GC heap after
{Heap after GC invocations=16 (full 0):
 garbage-first heap   total 68608K, used 34840K [0x0000000080000000, 0x0000000100000000)
  region size 1024K, 4 young (4096K), 4 survivors (4096K)
 Metaspace       used 52996K, committed 53440K, reserved 1097728K
  class space    used 7092K, committed 7296K, reserved 1048576K
}
Event: 13.550 GC heap before
{Heap before GC invocations=16 (full 0):
 garbage-first heap   total 68608K, used 50200K [0x0000000080000000, 0x0000000100000000)
  region size 1024K, 21 young (21504K), 4 survivors (4096K)
 Metaspace       used 53462K, committed 53952K, reserved 1097728K
  class space    used 7139K, committed 7360K, reserved 1048576K
}
Event: 13.554 GC heap after
{Heap after GC invocations=17 (full 0):
 garbage-first heap   total 68608K, used 35888K [0x0000000080000000, 0x0000000100000000)
  region size 1024K, 2 young (2048K), 2 survivors (2048K)
 Metaspace       used 53462K, committed 53952K, reserved 1097728K
  class space    used 7139K, committed 7360K, reserved 1048576K
}
Event: 13.839 GC heap before
{Heap before GC invocations=18 (full 0):
 garbage-first heap   total 68608K, used 36912K [0x0000000080000000, 0x0000000100000000)
  region size 1024K, 3 young (3072K), 2 survivors (2048K)
 Metaspace       used 53462K, committed 53952K, reserved 1097728K
  class space    used 7140K, committed 7360K, reserved 1048576K
}
Event: 13.841 GC heap after
{Heap after GC invocations=19 (full 0):
 garbage-first heap   total 68608K, used 36917K [0x0000000080000000, 0x0000000100000000)
  region size 1024K, 2 young (2048K), 2 survivors (2048K)
 Metaspace       used 53462K, committed 53952K, reserved 1097728K
  class space    used 7140K, committed 7360K, reserved 1048576K
}
Event: 15.095 GC heap before
{Heap before GC invocations=20 (full 0):
 garbage-first heap   total 68608K, used 37941K [0x0000000080000000, 0x0000000100000000)
  region size 1024K, 4 young (4096K), 2 survivors (2048K)
 Metaspace       used 53462K, committed 53952K, reserved 1097728K
  class space    used 7140K, committed 7360K, reserved 1048576K
}
Event: 15.098 GC heap after
{Heap after GC invocations=21 (full 0):
 garbage-first heap   total 68608K, used 39176K [0x0000000080000000, 0x0000000100000000)
  region size 1024K, 2 young (2048K), 2 survivors (2048K)
 Metaspace       used 53462K, committed 53952K, reserved 1097728K
  class space    used 7140K, committed 7360K, reserved 1048576K
}
Event: 15.520 GC heap before
{Heap before GC invocations=22 (full 0):
 garbage-first heap   total 71680K, used 41224K [0x0000000080000000, 0x0000000100000000)
  region size 1024K, 4 young (4096K), 2 survivors (2048K)
 Metaspace       used 53557K, committed 54016K, reserved 1097728K
  class space    used 7155K, committed 7360K, reserved 1048576K
}
Event: 15.523 GC heap after
{Heap after GC invocations=23 (full 0):
 garbage-first heap   total 71680K, used 41315K [0x0000000080000000, 0x0000000100000000)
  region size 1024K, 2 young (2048K), 2 survivors (2048K)
 Metaspace       used 53557K, committed 54016K, reserved 1097728K
  class space    used 7155K, committed 7360K, reserved 1048576K
}

Dll operation events (2 events):
Event: 0.007 Loaded shared library E:\Program Files\Android\Android Studio\jbr\bin\java.dll
Event: 0.392 Loaded shared library E:\Program Files\Android\Android Studio\jbr\bin\verify.dll

Deoptimization events (20 events):
Event: 13.546 Thread 0x00000254bdb3c1f0 DEOPT PACKING pc=0x00000254ade2495c sp=0x000000e4f37f92d0
Event: 13.546 Thread 0x00000254bdb3c1f0 DEOPT UNPACKING pc=0x00000254ad5f69a3 sp=0x000000e4f37f9298 mode 2
Event: 13.546 Thread 0x00000254bdb3c1f0 Uncommon trap: trap_request=0xffffff45 fr.pc=0x00000254ade29a5c relative=0x00000000000006fc
Event: 13.546 Thread 0x00000254bdb3c1f0 Uncommon trap: reason=unstable_if action=reinterpret pc=0x00000254ade29a5c method=org.gradle.util.internal.SimpleMapInterner.intern(Ljava/lang/String;)Ljava/lang/String; @ 1 c2
Event: 13.546 Thread 0x00000254bdb3c1f0 DEOPT PACKING pc=0x00000254ade29a5c sp=0x000000e4f37f9260
Event: 13.546 Thread 0x00000254bdb3c1f0 DEOPT UNPACKING pc=0x00000254ad5f69a3 sp=0x000000e4f37f9228 mode 2
Event: 13.547 Thread 0x00000254bdb3c1f0 Uncommon trap: trap_request=0xffffffc6 fr.pc=0x00000254adcaa674 relative=0x0000000000000234
Event: 13.547 Thread 0x00000254bdb3c1f0 Uncommon trap: reason=bimorphic_or_optimized_type_check action=maybe_recompile pc=0x00000254adcaa674 method=com.google.common.base.CharMatcher.indexIn(Ljava/lang/CharSequence;I)I @ 31 c2
Event: 13.547 Thread 0x00000254bdb3c1f0 DEOPT PACKING pc=0x00000254adcaa674 sp=0x000000e4f37f97e0
Event: 13.547 Thread 0x00000254bdb3c1f0 DEOPT UNPACKING pc=0x00000254ad5f69a3 sp=0x000000e4f37f9788 mode 2
Event: 13.695 Thread 0x00000254bdb3c1f0 Uncommon trap: trap_request=0xffffff45 fr.pc=0x00000254adcd9520 relative=0x0000000000002a40
Event: 13.695 Thread 0x00000254bdb3c1f0 Uncommon trap: reason=unstable_if action=reinterpret pc=0x00000254adcd9520 method=java.util.zip.ZipFile.getInputStream(Ljava/util/zip/ZipEntry;)Ljava/io/InputStream; @ 101 c2
Event: 13.695 Thread 0x00000254bdb3c1f0 DEOPT PACKING pc=0x00000254adcd9520 sp=0x000000e4f37f8bf0
Event: 13.695 Thread 0x00000254bdb3c1f0 DEOPT UNPACKING pc=0x00000254ad5f69a3 sp=0x000000e4f37f8bb8 mode 2
Event: 15.289 Thread 0x00000254bdb3c1f0 DEOPT PACKING pc=0x00000254a6135dbd sp=0x000000e4f37f88b0
Event: 15.289 Thread 0x00000254bdb3c1f0 DEOPT UNPACKING pc=0x00000254ad5f7143 sp=0x000000e4f37f7d38 mode 0
Event: 15.316 Thread 0x00000254bdb3c1f0 Uncommon trap: trap_request=0xffffff45 fr.pc=0x00000254adb98094 relative=0x00000000000006d4
Event: 15.316 Thread 0x00000254bdb3c1f0 Uncommon trap: reason=unstable_if action=reinterpret pc=0x00000254adb98094 method=java.util.jar.Manifest$FastInputStream.readLine([BII)I @ 130 c2
Event: 15.316 Thread 0x00000254bdb3c1f0 DEOPT PACKING pc=0x00000254adb98094 sp=0x000000e4f37f8340
Event: 15.316 Thread 0x00000254bdb3c1f0 DEOPT UNPACKING pc=0x00000254ad5f69a3 sp=0x000000e4f37f82d0 mode 2

Classes unloaded (0 events):
No events

Classes redefined (0 events):
No events

Internal exceptions (20 events):
Event: 11.666 Thread 0x00000254bddd9230 Exception <a 'java/lang/NoSuchMethodError'{0x0000000083003e18}: static Lorg/gradle/internal/build/event/types/DefaultProjectConfigurationDescriptor;.<clinit>()V> (0x0000000083003e18) 
thrown [s\src\hotspot\share\prims\jni.cpp, line 1108]
Event: 11.666 Thread 0x00000254bddd9230 Exception <a 'java/lang/NoSuchMethodError'{0x00000000830065d0}: static Lorg/gradle/internal/build/event/types/DefaultOperationDescriptor;.<clinit>()V> (0x00000000830065d0) 
thrown [s\src\hotspot\share\prims\jni.cpp, line 1108]
Event: 11.669 Thread 0x00000254bddd9230 Exception <a 'java/lang/NoSuchMethodError'{0x000000008301dad8}: static Lorg/gradle/internal/operations/OperationIdentifier;.<clinit>()V> (0x000000008301dad8) 
thrown [s\src\hotspot\share\prims\jni.cpp, line 1108]
Event: 12.547 Thread 0x00000254bdb3c1f0 Exception <a 'java/lang/NoSuchMethodError'{0x0000000082d8c9f8}: 'int java.lang.invoke.DirectMethodHandle$Holder.invokeStatic(java.lang.Object)'> (0x0000000082d8c9f8) 
thrown [s\src\hotspot\share\interpreter\linkResolver.cpp, line 771]
Event: 12.548 Thread 0x00000254bdb3c1f0 Exception <a 'java/lang/NoSuchMethodError'{0x0000000082d91090}: 'int java.lang.invoke.DirectMethodHandle$Holder.invokeStaticInit(java.lang.Object)'> (0x0000000082d91090) 
thrown [s\src\hotspot\share\interpreter\linkResolver.cpp, line 771]
Event: 12.568 Thread 0x00000254bdb3c1f0 Exception <a 'java/lang/NoSuchMethodError'{0x0000000087d06098}: 'java.lang.Object java.lang.invoke.DirectMethodHandle$Holder.newInvokeSpecial(java.lang.Object, java.lang.Object, java.lang.Object, java.lang.Object, java.lang.Object, int)'> (0x0000000087d06098) 
thrown [s\src\hotspot\share\interpreter\linkResolver.cpp, line 771]
Event: 12.569 Thread 0x00000254bdb3c1f0 Exception <a 'java/lang/NoSuchMethodError'{0x0000000087d0b6f0}: 'java.lang.Object java.lang.invoke.DirectMethodHandle$Holder.invokeSpecial(java.lang.Object, java.lang.Object, java.lang.Object, java.lang.Object, java.lang.Object, java.lang.Object, int)'> (0x0000000087d0b6f0) 
thrown [s\src\hotspot\share\interpreter\linkResolver.cpp, line 771]
Event: 12.604 Thread 0x00000254bdb3c1f0 Exception <a 'java/lang/NoSuchMethodError'{0x0000000087ddd838}: 'void java.lang.invoke.DirectMethodHandle$Holder.invokeStatic(java.lang.Object, java.lang.Object, java.lang.Object, int, java.lang.Object)'> (0x0000000087ddd838) 
thrown [s\src\hotspot\share\interpreter\linkResolver.cpp, line 771]
Event: 12.720 Thread 0x00000254bdb3c1f0 Exception <a 'java/lang/NoSuchMethodError'{0x0000000084f28c48}: 'java.lang.Object java.lang.invoke.DirectMethodHandle$Holder.newInvokeSpecial(java.lang.Object, java.lang.Object, int)'> (0x0000000084f28c48) 
thrown [s\src\hotspot\share\interpreter\linkResolver.cpp, line 771]
Event: 13.380 Thread 0x00000254bdb3c1f0 Exception <a 'java/lang/NoSuchMethodError'{0x0000000084aa5d48}: 'long java.lang.invoke.DirectMethodHandle$Holder.invokeVirtual(java.lang.Object, java.lang.Object)'> (0x0000000084aa5d48) 
thrown [s\src\hotspot\share\interpreter\linkResolver.cpp, line 771]
Event: 13.419 Thread 0x00000254bddd9230 Exception <a 'java/lang/NoSuchMethodError'{0x0000000084ae2180}: static Lorg/gradle/internal/build/event/types/DefaultOperationFinishedProgressEvent;.<clinit>()V> (0x0000000084ae2180) 
thrown [s\src\hotspot\share\prims\jni.cpp, line 1108]
Event: 13.422 Thread 0x00000254bddd9230 Exception <a 'java/lang/NoSuchMethodError'{0x000000008380ac80}: static Lorg/gradle/internal/build/event/types/DefaultProjectConfigurationSuccessResult;.<clinit>()V> (0x000000008380ac80) 
thrown [s\src\hotspot\share\prims\jni.cpp, line 1108]
Event: 13.422 Thread 0x00000254bddd9230 Exception <a 'java/lang/NoSuchMethodError'{0x000000008380c200}: static Lorg/gradle/internal/build/event/types/AbstractProjectConfigurationResult;.<clinit>()V> (0x000000008380c200) 
thrown [s\src\hotspot\share\prims\jni.cpp, line 1108]
Event: 13.422 Thread 0x00000254bddd9230 Exception <a 'java/lang/NoSuchMethodError'{0x000000008380d958}: static Lorg/gradle/internal/build/event/types/AbstractOperationResult;.<clinit>()V> (0x000000008380d958) 
thrown [s\src\hotspot\share\prims\jni.cpp, line 1108]
Event: 13.422 Thread 0x00000254bddd9230 Exception <a 'java/lang/NoSuchMethodError'{0x000000008380edd0}: static Lorg/gradle/internal/build/event/types/AbstractResult;.<clinit>()V> (0x000000008380edd0) 
thrown [s\src\hotspot\share\prims\jni.cpp, line 1108]
Event: 13.424 Thread 0x00000254bddd9230 Exception <a 'java/lang/NoSuchMethodError'{0x0000000083880af0}: static Lorg/gradle/internal/build/event/types/DefaultPluginApplicationResult;.<clinit>()V> (0x0000000083880af0) 
thrown [s\src\hotspot\share\prims\jni.cpp, line 1108]
Event: 13.425 Thread 0x00000254bddd9230 Exception <a 'java/lang/NoSuchMethodError'{0x000000008388ce58}: static Lorg/gradle/internal/build/event/types/DefaultBinaryPluginIdentifier;.<clinit>()V> (0x000000008388ce58) 
thrown [s\src\hotspot\share\prims\jni.cpp, line 1108]
Event: 13.427 Thread 0x00000254bddd9230 Exception <a 'java/lang/NoSuchMethodError'{0x00000000838a4f78}: static Lorg/gradle/internal/build/event/types/DefaultScriptPluginIdentifier;.<clinit>()V> (0x00000000838a4f78) 
thrown [s\src\hotspot\share\prims\jni.cpp, line 1108]
Event: 13.546 Thread 0x00000254bdb3c1f0 Implicit null exception at 0x00000254ade2428f to 0x00000254ade2494c
Event: 13.546 Thread 0x00000254bdb3c1f0 Implicit null exception at 0x00000254ade29394 to 0x00000254ade29a44

VM Operations (20 events):
Event: 13.862 Executing VM operation: G1Concurrent
Event: 13.864 Executing VM operation: G1Concurrent done
Event: 13.873 Executing VM operation: G1Concurrent
Event: 13.873 Executing VM operation: G1Concurrent done
Event: 14.874 Executing VM operation: Cleanup
Event: 14.874 Executing VM operation: Cleanup done
Event: 15.095 Executing VM operation: G1TryInitiateConcMark
Event: 15.098 Executing VM operation: G1TryInitiateConcMark done
Event: 15.124 Executing VM operation: G1Concurrent
Event: 15.126 Executing VM operation: G1Concurrent done
Event: 15.138 Executing VM operation: G1Concurrent
Event: 15.138 Executing VM operation: G1Concurrent done
Event: 15.520 Executing VM operation: G1TryInitiateConcMark
Event: 15.523 Executing VM operation: G1TryInitiateConcMark done
Event: 15.533 Executing VM operation: HandshakeAllThreads
Event: 15.533 Executing VM operation: HandshakeAllThreads done
Event: 15.547 Executing VM operation: G1Concurrent
Event: 15.550 Executing VM operation: G1Concurrent done
Event: 15.562 Executing VM operation: G1Concurrent
Event: 15.562 Executing VM operation: G1Concurrent done

Events (20 events):
Event: 13.459 Thread 0x00000254bd463bf0 flushing nmethod 0x00000254a692f890
Event: 13.459 Thread 0x00000254bd463bf0 flushing nmethod 0x00000254a6930b90
Event: 13.459 Thread 0x00000254bd463bf0 flushing nmethod 0x00000254a6931290
Event: 13.459 Thread 0x00000254bd463bf0 flushing nmethod 0x00000254a6932710
Event: 13.459 Thread 0x00000254bd463bf0 flushing nmethod 0x00000254a6933a90
Event: 13.459 Thread 0x00000254bd463bf0 flushing nmethod 0x00000254a6934290
Event: 13.459 Thread 0x00000254bd463bf0 flushing nmethod 0x00000254a6943b90
Event: 13.459 Thread 0x00000254bd463bf0 flushing nmethod 0x00000254a694c510
Event: 13.459 Thread 0x00000254bd463bf0 flushing nmethod 0x00000254a695b610
Event: 13.459 Thread 0x00000254bd463bf0 flushing nmethod 0x00000254a69b0190
Event: 13.459 Thread 0x00000254bd463bf0 flushing nmethod 0x00000254a6a38b10
Event: 13.459 Thread 0x00000254bd463bf0 flushing nmethod 0x00000254a6a6f090
Event: 13.459 Thread 0x00000254bd463bf0 flushing nmethod 0x00000254a6a77590
Event: 13.459 Thread 0x00000254bd463bf0 flushing nmethod 0x00000254a6ab1190
Event: 13.921 Thread 0x00000254bfaaa550 Thread exited: 0x00000254bfaaa550
Event: 13.921 Thread 0x00000254c2e047b0 Thread exited: 0x00000254c2e047b0
Event: 15.491 loading class java/util/concurrent/LinkedBlockingDeque$Itr
Event: 15.500 loading class java/util/concurrent/LinkedBlockingDeque$AbstractItr
Event: 15.500 loading class java/util/concurrent/LinkedBlockingDeque$AbstractItr done
Event: 15.500 loading class java/util/concurrent/LinkedBlockingDeque$Itr done


Dynamic libraries:
0x00007ff6c8ec0000 - 0x00007ff6c8eca000 	E:\Program Files\Android\Android Studio\jbr\bin\java.exe
0x00007ffa818f0000 - 0x00007ffa81ae8000 	C:\Windows\SYSTEM32\ntdll.dll
0x00007ffa7fa60000 - 0x00007ffa7fb1d000 	C:\Windows\System32\KERNEL32.DLL
0x00007ffa7f0d0000 - 0x00007ffa7f3c6000 	C:\Windows\System32\KERNELBASE.dll
0x00007ffa7f780000 - 0x00007ffa7f880000 	C:\Windows\System32\ucrtbase.dll
0x00007ffa57ee0000 - 0x00007ffa57ef7000 	E:\Program Files\Android\Android Studio\jbr\bin\jli.dll
0x00007ffa62910000 - 0x00007ffa6292b000 	E:\Program Files\Android\Android Studio\jbr\bin\VCRUNTIME140.dll
0x00007ffa80be0000 - 0x00007ffa80d7e000 	C:\Windows\System32\USER32.dll
0x00007ffa7f5f0000 - 0x00007ffa7f612000 	C:\Windows\System32\win32u.dll
0x00007ffa80830000 - 0x00007ffa8085c000 	C:\Windows\System32\GDI32.dll
0x00007ffa73950000 - 0x00007ffa73bea000 	C:\Windows\WinSxS\amd64_microsoft.windows.common-controls_6595b64144ccf1df_6.0.19041.1110_none_60b5254171f9507e\COMCTL32.dll
0x00007ffa7f480000 - 0x00007ffa7f59a000 	C:\Windows\System32\gdi32full.dll
0x00007ffa80960000 - 0x00007ffa809fe000 	C:\Windows\System32\msvcrt.dll
0x00007ffa7f8b0000 - 0x00007ffa7f94d000 	C:\Windows\System32\msvcp_win.dll
0x00007ffa7fa30000 - 0x00007ffa7fa60000 	C:\Windows\System32\IMM32.DLL
0x00007ffa5d420000 - 0x00007ffa5d42c000 	E:\Program Files\Android\Android Studio\jbr\bin\vcruntime140_1.dll
0x00007ffa57600000 - 0x00007ffa5768d000 	E:\Program Files\Android\Android Studio\jbr\bin\msvcp140.dll
0x00007ffa33ea0000 - 0x00007ffa34b0e000 	E:\Program Files\Android\Android Studio\jbr\bin\server\jvm.dll
0x00007ffa7fbd0000 - 0x00007ffa7fc7e000 	C:\Windows\System32\ADVAPI32.dll
0x00007ffa7fe90000 - 0x00007ffa7ff2c000 	C:\Windows\System32\sechost.dll
0x00007ffa80ab0000 - 0x00007ffa80bd6000 	C:\Windows\System32\RPCRT4.dll
0x00007ffa71460000 - 0x00007ffa71487000 	C:\Windows\SYSTEM32\WINMM.dll
0x00007ffa70510000 - 0x00007ffa70519000 	C:\Windows\SYSTEM32\WSOCK32.dll
0x00007ffa77f80000 - 0x00007ffa77f8a000 	C:\Windows\SYSTEM32\VERSION.dll
0x00007ffa80860000 - 0x00007ffa808cb000 	C:\Windows\System32\WS2_32.dll
0x00007ffa7d840000 - 0x00007ffa7d852000 	C:\Windows\SYSTEM32\kernel.appcore.dll
0x00007ffa77560000 - 0x00007ffa7756a000 	E:\Program Files\Android\Android Studio\jbr\bin\jimage.dll
0x00007ffa7cd50000 - 0x00007ffa7cf34000 	C:\Windows\SYSTEM32\DBGHELP.DLL
0x00007ffa71020000 - 0x00007ffa71054000 	C:\Windows\SYSTEM32\dbgcore.DLL
0x00007ffa7efd0000 - 0x00007ffa7f052000 	C:\Windows\System32\bcryptPrimitives.dll
0x00007ffa582b0000 - 0x00007ffa582d5000 	E:\Program Files\Android\Android Studio\jbr\bin\java.dll
0x00007ffa585c0000 - 0x00007ffa585d8000 	E:\Program Files\Android\Android Studio\jbr\bin\zip.dll
0x00007ffa80e40000 - 0x00007ffa81585000 	C:\Windows\System32\SHELL32.dll
0x00007ffa7d040000 - 0x00007ffa7d7db000 	C:\Windows\SYSTEM32\windows.storage.dll
0x00007ffa7ff30000 - 0x00007ffa80284000 	C:\Windows\System32\combase.dll
0x00007ffa7ea10000 - 0x00007ffa7ea3e000 	C:\Windows\SYSTEM32\Wldp.dll
0x00007ffa80a00000 - 0x00007ffa80aad000 	C:\Windows\System32\SHCORE.dll
0x00007ffa80de0000 - 0x00007ffa80e35000 	C:\Windows\System32\shlwapi.dll
0x00007ffa7ef00000 - 0x00007ffa7ef25000 	C:\Windows\SYSTEM32\profapi.dll
0x00007ffa58290000 - 0x00007ffa582a9000 	E:\Program Files\Android\Android Studio\jbr\bin\net.dll
0x00007ffa76a20000 - 0x00007ffa76b2a000 	C:\Windows\SYSTEM32\WINHTTP.dll
0x00007ffa7e770000 - 0x00007ffa7e7da000 	C:\Windows\system32\mswsock.dll
0x00007ffa58270000 - 0x00007ffa58286000 	E:\Program Files\Android\Android Studio\jbr\bin\nio.dll
0x00007ffa627e0000 - 0x00007ffa627f0000 	E:\Program Files\Android\Android Studio\jbr\bin\verify.dll
0x00007ffa627b0000 - 0x00007ffa627d7000 	C:\Users\Gabriel Xavier\.gradle\native\68d5fa5c4cc2d200863cafc0d521ce42e7d3e7ee720ec0a83991735586a16f82\windows-amd64\native-platform.dll
0x00007ffa4ac40000 - 0x00007ffa4ad84000 	C:\Users\Gabriel Xavier\.gradle\native\e376f236ea51e6404a007f0833ffe2c6e607c4080706a723a18a27aeea778392\windows-amd64\native-platform-file-events.dll
0x00007ffa5d930000 - 0x00007ffa5d939000 	E:\Program Files\Android\Android Studio\jbr\bin\management.dll
0x00007ffa5d650000 - 0x00007ffa5d65b000 	E:\Program Files\Android\Android Studio\jbr\bin\management_ext.dll
0x00007ffa816f0000 - 0x00007ffa816f8000 	C:\Windows\System32\PSAPI.DLL
0x00007ffa7e960000 - 0x00007ffa7e978000 	C:\Windows\SYSTEM32\CRYPTSP.dll
0x00007ffa7e010000 - 0x00007ffa7e044000 	C:\Windows\system32\rsaenh.dll
0x00007ffa7f880000 - 0x00007ffa7f8a7000 	C:\Windows\System32\bcrypt.dll
0x00007ffa7eec0000 - 0x00007ffa7eeee000 	C:\Windows\SYSTEM32\USERENV.dll
0x00007ffa7e980000 - 0x00007ffa7e98c000 	C:\Windows\SYSTEM32\CRYPTBASE.dll
0x00007ffa7e410000 - 0x00007ffa7e44b000 	C:\Windows\SYSTEM32\IPHLPAPI.DLL
0x00007ffa815b0000 - 0x00007ffa815b8000 	C:\Windows\System32\NSI.dll
0x00007ffa78140000 - 0x00007ffa78157000 	C:\Windows\SYSTEM32\dhcpcsvc6.DLL
0x00007ffa78120000 - 0x00007ffa7813d000 	C:\Windows\SYSTEM32\dhcpcsvc.DLL
0x00007ffa7e450000 - 0x00007ffa7e51a000 	C:\Windows\SYSTEM32\DNSAPI.dll
0x00007ffa62770000 - 0x00007ffa62777000 	C:\Windows\system32\wshunix.dll

dbghelp: loaded successfully - version: 4.0.5 - missing functions: none
symbol engine: initialized successfully - sym options: 0x614 - pdb path: .;E:\Program Files\Android\Android Studio\jbr\bin;C:\Windows\SYSTEM32;C:\Windows\WinSxS\amd64_microsoft.windows.common-controls_6595b64144ccf1df_6.0.19041.1110_none_60b5254171f9507e;E:\Program Files\Android\Android Studio\jbr\bin\server;C:\Users\Gabriel Xavier\.gradle\native\68d5fa5c4cc2d200863cafc0d521ce42e7d3e7ee720ec0a83991735586a16f82\windows-amd64;C:\Users\Gabriel Xavier\.gradle\native\e376f236ea51e6404a007f0833ffe2c6e607c4080706a723a18a27aeea778392\windows-amd64

VM Arguments:
jvm_args: --add-opens=java.base/java.util=ALL-UNNAMED --add-opens=java.base/java.lang=ALL-UNNAMED --add-opens=java.base/java.lang.invoke=ALL-UNNAMED --add-opens=java.prefs/java.util.prefs=ALL-UNNAMED --add-opens=java.base/java.nio.charset=ALL-UNNAMED --add-opens=java.base/java.net=ALL-UNNAMED --add-opens=java.base/java.util.concurrent.atomic=ALL-UNNAMED -Xmx2048m -Dfile.encoding=UTF-8 -Duser.country=BR -Duser.language=pt -Duser.variant 
java_command: org.gradle.launcher.daemon.bootstrap.GradleDaemon 8.0
java_class_path (initial): C:\Users\Gabriel Xavier\.gradle\wrapper\dists\gradle-8.0-bin\ca5e32bp14vu59qr306oxotwh\gradle-8.0\lib\gradle-launcher-8.0.jar
Launcher Type: SUN_STANDARD

[Global flags]
     intx CICompilerCount                          = 4                                         {product} {ergonomic}
     uint ConcGCThreads                            = 2                                         {product} {ergonomic}
     uint G1ConcRefinementThreads                  = 8                                         {product} {ergonomic}
   size_t G1HeapRegionSize                         = 1048576                                   {product} {ergonomic}
    uintx GCDrainStackTargetSize                   = 64                                        {product} {ergonomic}
   size_t InitialHeapSize                          = 132120576                                 {product} {ergonomic}
   size_t MarkStackSize                            = 4194304                                   {product} {ergonomic}
   size_t MaxHeapSize                              = 2147483648                                {product} {command line}
   size_t MaxNewSize                               = 1287651328                                {product} {ergonomic}
   size_t MinHeapDeltaBytes                        = 1048576                                   {product} {ergonomic}
   size_t MinHeapSize                              = 8388608                                   {product} {ergonomic}
    uintx NonNMethodCodeHeapSize                   = 5839372                                {pd product} {ergonomic}
    uintx NonProfiledCodeHeapSize                  = 122909434                              {pd product} {ergonomic}
    uintx ProfiledCodeHeapSize                     = 122909434                              {pd product} {ergonomic}
    uintx ReservedCodeCacheSize                    = 251658240                              {pd product} {ergonomic}
     bool SegmentedCodeCache                       = true                                      {product} {ergonomic}
   size_t SoftMaxHeapSize                          = 2147483648                             {manageable} {ergonomic}
     bool UseCompressedClassPointers               = true                           {product lp64_product} {ergonomic}
     bool UseCompressedOops                        = true                           {product lp64_product} {ergonomic}
     bool UseG1GC                                  = true                                      {product} {ergonomic}
     bool UseLargePagesIndividualAllocation        = false                                  {pd product} {ergonomic}

Logging:
Log output configuration:
 #0: stdout all=warning uptime,level,tags
 #1: stderr all=off uptime,level,tags

Environment Variables:
JAVA_HOME=C:\Program Files\Java\zulu17.44.15-ca-jdk17.0.8-win_x64
PATH=C:\Program Files\Eclipse Adoptium\jdk-17.0.8.101-hotspot\bin;C:\Program Files\Java\zulu17.44.15-ca-jdk17.0.8-win_x64\bin;C:\Python311\Scripts\;C:\Python311\;C:\Program Files (x86)\Common Files\Oracle\Java\javapath;C:\Windows\system32;C:\Windows;C:\Windows\System32\Wbem;C:\Windows\System32\WindowsPowerShell\v1.0\;C:\Windows\System32\OpenSSH\;C:\Program Files\Microsoft SQL Server\Client SDK\ODBC\170\Tools\Binn\;E:\Program Files (x86)\Microsoft SQL Server\150\Tools\Binn\;C:\Program Files\Microsoft SQL Server\150\Tools\Binn\;C:\Program Files\Microsoft SQL Server\150\DTS\Binn\;E:\Program Files (x86)\Microsoft SQL Server\150\DTS\Binn\;C:\Program Files\Azure Data Studio\bin;C:\ProgramData\chocolatey\bin;C:\Program Files (x86)\Yarn\bin\;E:\nodejs\;E:\Program Files\Git\cmd;C:\Program Files\MySQL\MySQL Shell 8.0\bin\;C:\Users\Gabriel Xavier\AppData\Local\Microsoft\WindowsApps;E:\Microsoft VS Code\bin;C:\Users\Gabriel Xavier\AppData\Local\Yarn\bin;C:\Users\Gabriel Xavier\AppData\Roaming\npm
USERNAME=Gabriel Xavier
OS=Windows_NT
PROCESSOR_IDENTIFIER=Intel64 Family 6 Model 142 Stepping 10, GenuineIntel
TMP=C:\Users\GABRIE~1\AppData\Local\Temp
TEMP=C:\Users\GABRIE~1\AppData\Local\Temp


JNI global refs:
JNI global refs: 24, weak refs: 0

JNI global refs memory usage: 843, weak refs: 209


---------------  S Y S T E M  ---------------

OS:
 Windows 10 , 64 bit Build 19041 (10.0.19041.3393)
OS uptime: 17 days 17:41 hours

CPU: total 8 (initial active 8) (4 cores per cpu, 2 threads per core) family 6 model 142 stepping 10 microcode 0xd6, cx8, cmov, fxsr, ht, mmx, 3dnowpref, sse, sse2, sse3, ssse3, sse4.1, sse4.2, popcnt, lzcnt, tsc, tscinvbit, avx, avx2, aes, erms, clmul, bmi1, bmi2, adx, fma, vzeroupper, clflush, clflushopt

Memory: 4k page, system-wide physical 8056M (242M free)
TotalPageFile size 22286M (AvailPageFile size 68M)
current process WorkingSet (physical memory assigned to process): 214M, peak: 271M
current process commit charge ("private bytes"): 265M, peak: 310M

vm_info: OpenJDK 64-Bit Server VM (17.0.6+0-b2043.56-10027231) for windows-amd64 JRE (17.0.6+0-b2043.56-10027231), built on Apr 28 2023 00:43:19 by "androidbuild" with MS VC++ 16.10 / 16.11 (VS2019)

END.
